{"/Users/allen/Development/01-雅博项目/NexusQA/app/api/ai/generate-field/route.ts": {"path":"/Users/allen/Development/01-雅博项目/NexusQA/app/api/ai/generate-field/route.ts","statementMap":{"0":{"start":{"line":6,"column":0},"end":{"line":6,"column":7}},"1":{"start":{"line":1,"column":0},"end":{"line":1,"column":44}},"2":{"start":{"line":4,"column":15},"end":{"line":4,"column":64}},"3":{"start":{"line":7,"column":2},"end":{"line":9,"column":3}},"4":{"start":{"line":8,"column":4},"end":{"line":8,"column":97}},"5":{"start":{"line":11,"column":2},"end":{"line":77,"column":3}},"6":{"start":{"line":12,"column":42},"end":{"line":12,"column":58}},"7":{"start":{"line":14,"column":4},"end":{"line":16,"column":5}},"8":{"start":{"line":15,"column":6},"end":{"line":15,"column":107}},"9":{"start":{"line":18,"column":15},"end":{"line":18,"column":42}},"10":{"start":{"line":20,"column":17},"end":{"line":20,"column":19}},"11":{"start":{"line":22,"column":4},"end":{"line":42,"column":5}},"12":{"start":{"line":24,"column":12},"end":{"line":26,"column":57}},"13":{"start":{"line":27,"column":12},"end":{"line":27,"column":18}},"14":{"start":{"line":29,"column":12},"end":{"line":32,"column":57}},"15":{"start":{"line":33,"column":12},"end":{"line":33,"column":18}},"16":{"start":{"line":35,"column":12},"end":{"line":38,"column":57}},"17":{"start":{"line":39,"column":12},"end":{"line":39,"column":18}},"18":{"start":{"line":41,"column":12},"end":{"line":41,"column":98}},"19":{"start":{"line":44,"column":25},"end":{"line":47,"column":6}},"20":{"start":{"line":49,"column":19},"end":{"line":64,"column":6}},"21":{"start":{"line":51,"column":24},"end":{"line":51,"column":41}},"22":{"start":{"line":52,"column":8},"end":{"line":62,"column":9}},"23":{"start":{"line":53,"column":10},"end":{"line":58,"column":11}},"24":{"start":{"line":54,"column":25},"end":{"line":54,"column":35}},"25":{"start":{"line":55,"column":12},"end":{"line":57,"column":13}},"26":{"start":{"line":56,"column":14},"end":{"line":56,"column":55}},"27":{"start":{"line":59,"column":10},"end":{"line":59,"column":29}},"28":{"start":{"line":61,"column":10},"end":{"line":61,"column":34}},"29":{"start":{"line":66,"column":4},"end":{"line":72,"column":7}},"30":{"start":{"line":75,"column":4},"end":{"line":75,"column":48}},"31":{"start":{"line":76,"column":4},"end":{"line":76,"column":95}}},"fnMap":{"0":{"name":"POST","decl":{"start":{"line":6,"column":22},"end":{"line":6,"column":26}},"loc":{"start":{"line":6,"column":39},"end":{"line":78,"column":1}}},"1":{"name":"(anonymous_1)","decl":{"start":{"line":50,"column":6},"end":{"line":50,"column":11}},"loc":{"start":{"line":50,"column":28},"end":{"line":63,"column":7}}}},"branchMap":{"0":{"loc":{"start":{"line":4,"column":15},"end":{"line":4,"column":64}},"type":"binary-expr","locations":[{"start":{"line":4,"column":15},"end":{"line":4,"column":41}},{"start":{"line":4,"column":45},"end":{"line":4,"column":64}}]},"1":{"loc":{"start":{"line":7,"column":2},"end":{"line":9,"column":3}},"type":"if","locations":[{"start":{"line":7,"column":2},"end":{"line":9,"column":3}},{"start":{},"end":{}}]},"2":{"loc":{"start":{"line":14,"column":4},"end":{"line":16,"column":5}},"type":"if","locations":[{"start":{"line":14,"column":4},"end":{"line":16,"column":5}},{"start":{},"end":{}}]},"3":{"loc":{"start":{"line":14,"column":8},"end":{"line":14,"column":28}},"type":"binary-expr","locations":[{"start":{"line":14,"column":8},"end":{"line":14,"column":14}},{"start":{"line":14,"column":18},"end":{"line":14,"column":28}}]},"4":{"loc":{"start":{"line":22,"column":4},"end":{"line":42,"column":5}},"type":"switch","locations":[{"start":{"line":23,"column":8},"end":{"line":27,"column":18}},{"start":{"line":28,"column":8},"end":{"line":33,"column":18}},{"start":{"line":34,"column":8},"end":{"line":39,"column":18}},{"start":{"line":40,"column":8},"end":{"line":41,"column":98}}]},"5":{"loc":{"start":{"line":30,"column":24},"end":{"line":30,"column":37}},"type":"binary-expr","locations":[{"start":{"line":30,"column":24},"end":{"line":30,"column":31}},{"start":{"line":30,"column":35},"end":{"line":30,"column":37}}]},"6":{"loc":{"start":{"line":36,"column":24},"end":{"line":36,"column":37}},"type":"binary-expr","locations":[{"start":{"line":36,"column":24},"end":{"line":36,"column":31}},{"start":{"line":36,"column":35},"end":{"line":36,"column":37}}]},"7":{"loc":{"start":{"line":55,"column":12},"end":{"line":57,"column":13}},"type":"if","locations":[{"start":{"line":55,"column":12},"end":{"line":57,"column":13}},{"start":{},"end":{}}]}},"s":{"0":2,"1":2,"2":2,"3":8,"4":1,"5":7,"6":7,"7":7,"8":2,"9":5,"10":5,"11":5,"12":2,"13":2,"14":1,"15":1,"16":1,"17":1,"18":1,"19":4,"20":4,"21":4,"22":4,"23":4,"24":4,"25":4,"26":4,"27":3,"28":1,"29":4,"30":0,"31":0},"f":{"0":8,"1":4},"b":{"0":[2,1],"1":[1,7],"2":[2,5],"3":[7,6],"4":[2,1,1,1],"5":[1,0],"6":[1,0],"7":[4,0]}}
,"/Users/allen/Development/01-雅博项目/NexusQA/app/api/ai/generate-steps/route.ts": {"path":"/Users/allen/Development/01-雅博项目/NexusQA/app/api/ai/generate-steps/route.ts","statementMap":{"0":{"start":{"line":6,"column":0},"end":{"line":6,"column":7}},"1":{"start":{"line":1,"column":0},"end":{"line":1,"column":44}},"2":{"start":{"line":4,"column":15},"end":{"line":4,"column":64}},"3":{"start":{"line":7,"column":6},"end":{"line":9,"column":7}},"4":{"start":{"line":8,"column":8},"end":{"line":8,"column":101}},"5":{"start":{"line":10,"column":2},"end":{"line":58,"column":3}},"6":{"start":{"line":11,"column":35},"end":{"line":11,"column":51}},"7":{"start":{"line":13,"column":4},"end":{"line":15,"column":5}},"8":{"start":{"line":14,"column":6},"end":{"line":14,"column":91}},"9":{"start":{"line":17,"column":15},"end":{"line":17,"column":42}},"10":{"start":{"line":19,"column":19},"end":{"line":33,"column":6}},"11":{"start":{"line":37,"column":21},"end":{"line":40,"column":6}},"12":{"start":{"line":42,"column":17},"end":{"line":42,"column":68}},"13":{"start":{"line":44,"column":4},"end":{"line":46,"column":5}},"14":{"start":{"line":45,"column":8},"end":{"line":45,"column":56}},"15":{"start":{"line":49,"column":4},"end":{"line":53,"column":7}},"16":{"start":{"line":56,"column":4},"end":{"line":56,"column":42}},"17":{"start":{"line":57,"column":4},"end":{"line":57,"column":96}}},"fnMap":{"0":{"name":"POST","decl":{"start":{"line":6,"column":22},"end":{"line":6,"column":26}},"loc":{"start":{"line":6,"column":39},"end":{"line":59,"column":1}}}},"branchMap":{"0":{"loc":{"start":{"line":4,"column":15},"end":{"line":4,"column":64}},"type":"binary-expr","locations":[{"start":{"line":4,"column":15},"end":{"line":4,"column":41}},{"start":{"line":4,"column":45},"end":{"line":4,"column":64}}]},"1":{"loc":{"start":{"line":7,"column":6},"end":{"line":9,"column":7}},"type":"if","locations":[{"start":{"line":7,"column":6},"end":{"line":9,"column":7}},{"start":{},"end":{}}]},"2":{"loc":{"start":{"line":13,"column":4},"end":{"line":15,"column":5}},"type":"if","locations":[{"start":{"line":13,"column":4},"end":{"line":15,"column":5}},{"start":{},"end":{}}]},"3":{"loc":{"start":{"line":44,"column":4},"end":{"line":46,"column":5}},"type":"if","locations":[{"start":{"line":44,"column":4},"end":{"line":46,"column":5}},{"start":{},"end":{}}]}},"s":{"0":2,"1":2,"2":2,"3":4,"4":1,"5":3,"6":3,"7":3,"8":1,"9":2,"10":2,"11":2,"12":1,"13":1,"14":0,"15":1,"16":1,"17":1},"f":{"0":4},"b":{"0":[2,1],"1":[1,3],"2":[1,2],"3":[0,1]}}
,"/Users/allen/Development/01-雅博项目/NexusQA/app/api/projects/import/route.ts": {"path":"/Users/allen/Development/01-雅博项目/NexusQA/app/api/projects/import/route.ts","statementMap":{"0":{"start":{"line":54,"column":0},"end":{"line":54,"column":7}},"1":{"start":{"line":1,"column":0},"end":{"line":1,"column":43}},"2":{"start":{"line":2,"column":0},"end":{"line":2,"column":38}},"3":{"start":{"line":36,"column":20},"end":{"line":52,"column":2}},"4":{"start":{"line":36,"column":49},"end":{"line":52,"column":2}},"5":{"start":{"line":46,"column":39},"end":{"line":50,"column":6}},"6":{"start":{"line":55,"column":2},"end":{"line":130,"column":3}},"7":{"start":{"line":56,"column":17},"end":{"line":56,"column":37}},"8":{"start":{"line":57,"column":17},"end":{"line":57,"column":42}},"9":{"start":{"line":60,"column":4},"end":{"line":65,"column":5}},"10":{"start":{"line":61,"column":6},"end":{"line":64,"column":8}},"11":{"start":{"line":68,"column":20},"end":{"line":120,"column":6}},"12":{"start":{"line":70,"column":16},"end":{"line":76,"column":8}},"13":{"start":{"line":79,"column":36},"end":{"line":100,"column":7}},"14":{"start":{"line":80,"column":8},"end":{"line":99,"column":9}},"15":{"start":{"line":81,"column":31},"end":{"line":94,"column":12}},"16":{"start":{"line":88,"column":52},"end":{"line":91,"column":18}},"17":{"start":{"line":96,"column":10},"end":{"line":98,"column":11}},"18":{"start":{"line":97,"column":12},"end":{"line":97,"column":73}},"19":{"start":{"line":103,"column":6},"end":{"line":105,"column":7}},"20":{"start":{"line":104,"column":8},"end":{"line":104,"column":55}},"21":{"start":{"line":108,"column":6},"end":{"line":117,"column":7}},"22":{"start":{"line":109,"column":8},"end":{"line":116,"column":9}},"23":{"start":{"line":110,"column":10},"end":{"line":115,"column":13}},"24":{"start":{"line":119,"column":6},"end":{"line":119,"column":15}},"25":{"start":{"line":122,"column":4},"end":{"line":122,"column":59}},"26":{"start":{"line":125,"column":4},"end":{"line":125,"column":54}},"27":{"start":{"line":126,"column":4},"end":{"line":129,"column":6}}},"fnMap":{"0":{"name":"(anonymous_0)","decl":{"start":{"line":36,"column":20},"end":{"line":36,"column":21}},"loc":{"start":{"line":36,"column":49},"end":{"line":52,"column":2}}},"1":{"name":"(anonymous_1)","decl":{"start":{"line":46,"column":26},"end":{"line":46,"column":27}},"loc":{"start":{"line":46,"column":39},"end":{"line":50,"column":6}}},"2":{"name":"POST","decl":{"start":{"line":54,"column":22},"end":{"line":54,"column":26}},"loc":{"start":{"line":54,"column":43},"end":{"line":131,"column":1}}},"3":{"name":"(anonymous_3)","decl":{"start":{"line":68,"column":46},"end":{"line":68,"column":51}},"loc":{"start":{"line":68,"column":59},"end":{"line":120,"column":5}}},"4":{"name":"(anonymous_4)","decl":{"start":{"line":79,"column":36},"end":{"line":79,"column":41}},"loc":{"start":{"line":79,"column":97},"end":{"line":100,"column":7}}},"5":{"name":"(anonymous_5)","decl":{"start":{"line":88,"column":45},"end":{"line":88,"column":47}},"loc":{"start":{"line":88,"column":52},"end":{"line":91,"column":18}}}},"branchMap":{"0":{"loc":{"start":{"line":38,"column":15},"end":{"line":38,"column":35}},"type":"binary-expr","locations":[{"start":{"line":38,"column":15},"end":{"line":38,"column":29}},{"start":{"line":38,"column":33},"end":{"line":38,"column":35}}]},"1":{"loc":{"start":{"line":39,"column":17},"end":{"line":39,"column":39}},"type":"binary-expr","locations":[{"start":{"line":39,"column":17},"end":{"line":39,"column":33}},{"start":{"line":39,"column":37},"end":{"line":39,"column":39}}]},"2":{"loc":{"start":{"line":40,"column":12},"end":{"line":40,"column":31}},"type":"binary-expr","locations":[{"start":{"line":40,"column":12},"end":{"line":40,"column":23}},{"start":{"line":40,"column":27},"end":{"line":40,"column":31}}]},"3":{"loc":{"start":{"line":41,"column":10},"end":{"line":41,"column":33}},"type":"binary-expr","locations":[{"start":{"line":41,"column":10},"end":{"line":41,"column":19}},{"start":{"line":41,"column":23},"end":{"line":41,"column":33}}]},"4":{"loc":{"start":{"line":42,"column":23},"end":{"line":42,"column":36}},"type":"binary-expr","locations":[{"start":{"line":42,"column":23},"end":{"line":42,"column":30}},{"start":{"line":42,"column":34},"end":{"line":42,"column":36}}]},"5":{"loc":{"start":{"line":46,"column":12},"end":{"line":50,"column":13}},"type":"binary-expr","locations":[{"start":{"line":46,"column":12},"end":{"line":50,"column":7}},{"start":{"line":50,"column":11},"end":{"line":50,"column":13}}]},"6":{"loc":{"start":{"line":60,"column":4},"end":{"line":65,"column":5}},"type":"if","locations":[{"start":{"line":60,"column":4},"end":{"line":65,"column":5}},{"start":{},"end":{}}]},"7":{"loc":{"start":{"line":88,"column":24},"end":{"line":91,"column":25}},"type":"binary-expr","locations":[{"start":{"line":88,"column":24},"end":{"line":91,"column":19}},{"start":{"line":91,"column":23},"end":{"line":91,"column":25}}]},"8":{"loc":{"start":{"line":96,"column":10},"end":{"line":98,"column":11}},"type":"if","locations":[{"start":{"line":96,"column":10},"end":{"line":98,"column":11}},{"start":{},"end":{}}]},"9":{"loc":{"start":{"line":96,"column":14},"end":{"line":96,"column":57}},"type":"binary-expr","locations":[{"start":{"line":96,"column":14},"end":{"line":96,"column":28}},{"start":{"line":96,"column":32},"end":{"line":96,"column":57}}]},"10":{"loc":{"start":{"line":103,"column":6},"end":{"line":105,"column":7}},"type":"if","locations":[{"start":{"line":103,"column":6},"end":{"line":105,"column":7}},{"start":{},"end":{}}]},"11":{"loc":{"start":{"line":103,"column":10},"end":{"line":103,"column":47}},"type":"binary-expr","locations":[{"start":{"line":103,"column":10},"end":{"line":103,"column":21}},{"start":{"line":103,"column":25},"end":{"line":103,"column":47}}]},"12":{"loc":{"start":{"line":108,"column":6},"end":{"line":117,"column":7}},"type":"if","locations":[{"start":{"line":108,"column":6},"end":{"line":117,"column":7}},{"start":{},"end":{}}]},"13":{"loc":{"start":{"line":108,"column":10},"end":{"line":108,"column":53}},"type":"binary-expr","locations":[{"start":{"line":108,"column":10},"end":{"line":108,"column":24}},{"start":{"line":108,"column":28},"end":{"line":108,"column":53}}]}},"s":{"0":1,"1":1,"2":1,"3":1,"4":0,"5":0,"6":2,"7":2,"8":2,"9":2,"10":1,"11":1,"12":1,"13":1,"14":1,"15":1,"16":0,"17":1,"18":0,"19":1,"20":1,"21":1,"22":0,"23":0,"24":1,"25":1,"26":0,"27":0},"f":{"0":0,"1":0,"2":2,"3":1,"4":1,"5":0},"b":{"0":[0,0],"1":[0,0],"2":[0,0],"3":[0,0],"4":[0,0],"5":[0,0],"6":[1,1],"7":[1,1],"8":[0,1],"9":[1,0],"10":[1,0],"11":[1,1],"12":[0,1],"13":[1,0]}}
,"/Users/allen/Development/01-雅博项目/NexusQA/app/api/testcases/route.ts": {"path":"/Users/allen/Development/01-雅博项目/NexusQA/app/api/testcases/route.ts","statementMap":{"0":{"start":{"line":42,"column":0},"end":{"line":42,"column":7}},"1":{"start":{"line":75,"column":0},"end":{"line":75,"column":7}},"2":{"start":{"line":199,"column":0},"end":{"line":199,"column":7}},"3":{"start":{"line":218,"column":0},"end":{"line":218,"column":7}},"4":{"start":{"line":1,"column":0},"end":{"line":1,"column":43}},"5":{"start":{"line":2,"column":0},"end":{"line":2,"column":38}},"6":{"start":{"line":22,"column":26},"end":{"line":30,"column":1}},"7":{"start":{"line":23,"column":4},"end":{"line":29,"column":5}},"8":{"start":{"line":24,"column":19},"end":{"line":24,"column":37}},"9":{"start":{"line":25,"column":19},"end":{"line":25,"column":33}},"10":{"start":{"line":26,"column":19},"end":{"line":26,"column":35}},"11":{"start":{"line":27,"column":19},"end":{"line":27,"column":32}},"12":{"start":{"line":28,"column":17},"end":{"line":28,"column":26}},"13":{"start":{"line":32,"column":22},"end":{"line":40,"column":1}},"14":{"start":{"line":33,"column":4},"end":{"line":33,"column":25}},"15":{"start":{"line":33,"column":15},"end":{"line":33,"column":25}},"16":{"start":{"line":34,"column":4},"end":{"line":39,"column":5}},"17":{"start":{"line":35,"column":23},"end":{"line":35,"column":39}},"18":{"start":{"line":36,"column":8},"end":{"line":36,"column":51}},"19":{"start":{"line":38,"column":8},"end":{"line":38,"column":18}},"20":{"start":{"line":43,"column":27},"end":{"line":43,"column":47}},"21":{"start":{"line":44,"column":20},"end":{"line":44,"column":49}},"22":{"start":{"line":46,"column":2},"end":{"line":72,"column":3}},"23":{"start":{"line":47,"column":20},"end":{"line":47,"column":50}},"24":{"start":{"line":48,"column":24},"end":{"line":55,"column":8}},"25":{"start":{"line":58,"column":26},"end":{"line":66,"column":9}},"26":{"start":{"line":58,"column":47},"end":{"line":66,"column":8}},"27":{"start":{"line":62,"column":40},"end":{"line":65,"column":12}},"28":{"start":{"line":68,"column":6},"end":{"line":68,"column":44}},"29":{"start":{"line":70,"column":6},"end":{"line":70,"column":49}},"30":{"start":{"line":71,"column":6},"end":{"line":71,"column":89}},"31":{"start":{"line":76,"column":2},"end":{"line":196,"column":3}},"32":{"start":{"line":77,"column":19},"end":{"line":77,"column":39}},"33":{"start":{"line":80,"column":27},"end":{"line":96,"column":8}},"34":{"start":{"line":98,"column":6},"end":{"line":192,"column":7}},"35":{"start":{"line":100,"column":25},"end":{"line":149,"column":12}},"36":{"start":{"line":102,"column":14},"end":{"line":105,"column":17}},"37":{"start":{"line":108,"column":14},"end":{"line":122,"column":15}},"38":{"start":{"line":109,"column":18},"end":{"line":109,"column":83}},"39":{"start":{"line":110,"column":18},"end":{"line":121,"column":19}},"40":{"start":{"line":111,"column":22},"end":{"line":120,"column":25}},"41":{"start":{"line":112,"column":26},"end":{"line":119,"column":28}},"42":{"start":{"line":125,"column":14},"end":{"line":143,"column":15}},"43":{"start":{"line":126,"column":19},"end":{"line":126,"column":91}},"44":{"start":{"line":127,"column":19},"end":{"line":142,"column":20}},"45":{"start":{"line":128,"column":23},"end":{"line":141,"column":26}},"46":{"start":{"line":129,"column":27},"end":{"line":140,"column":29}},"47":{"start":{"line":145,"column":14},"end":{"line":148,"column":17}},"48":{"start":{"line":151,"column":10},"end":{"line":151,"column":56}},"49":{"start":{"line":151,"column":23},"end":{"line":151,"column":56}},"50":{"start":{"line":153,"column":10},"end":{"line":157,"column":13}},"51":{"start":{"line":156,"column":48},"end":{"line":156,"column":76}},"52":{"start":{"line":159,"column":10},"end":{"line":161,"column":11}},"53":{"start":{"line":160,"column":14},"end":{"line":160,"column":104}},"54":{"start":{"line":163,"column":26},"end":{"line":186,"column":12}},"55":{"start":{"line":167,"column":78},"end":{"line":171,"column":24}},"56":{"start":{"line":174,"column":72},"end":{"line":182,"column":24}},"57":{"start":{"line":187,"column":10},"end":{"line":191,"column":30}},"58":{"start":{"line":190,"column":49},"end":{"line":190,"column":77}},"59":{"start":{"line":194,"column":6},"end":{"line":194,"column":50}},"60":{"start":{"line":195,"column":6},"end":{"line":195,"column":87}},"61":{"start":{"line":201,"column":4},"end":{"line":215,"column":5}},"62":{"start":{"line":202,"column":21},"end":{"line":202,"column":41}},"63":{"start":{"line":203,"column":33},"end":{"line":203,"column":37}},"64":{"start":{"line":206,"column":8},"end":{"line":209,"column":11}},"65":{"start":{"line":211,"column":8},"end":{"line":211,"column":52}},"66":{"start":{"line":213,"column":8},"end":{"line":213,"column":51}},"67":{"start":{"line":214,"column":8},"end":{"line":214,"column":86}},"68":{"start":{"line":219,"column":29},"end":{"line":219,"column":49}},"69":{"start":{"line":220,"column":15},"end":{"line":220,"column":37}},"70":{"start":{"line":221,"column":16},"end":{"line":221,"column":39}},"71":{"start":{"line":223,"column":4},"end":{"line":234,"column":5}},"72":{"start":{"line":224,"column":8},"end":{"line":229,"column":9}},"73":{"start":{"line":225,"column":12},"end":{"line":225,"column":60}},"74":{"start":{"line":226,"column":15},"end":{"line":229,"column":9}},"75":{"start":{"line":227,"column":27},"end":{"line":227,"column":41}},"76":{"start":{"line":228,"column":12},"end":{"line":228,"column":80}},"77":{"start":{"line":230,"column":8},"end":{"line":230,"column":52}},"78":{"start":{"line":232,"column":8},"end":{"line":232,"column":54}},"79":{"start":{"line":233,"column":8},"end":{"line":233,"column":91}}},"fnMap":{"0":{"name":"(anonymous_0)","decl":{"start":{"line":22,"column":26},"end":{"line":22,"column":27}},"loc":{"start":{"line":22,"column":40},"end":{"line":30,"column":1}}},"1":{"name":"(anonymous_1)","decl":{"start":{"line":32,"column":22},"end":{"line":32,"column":23}},"loc":{"start":{"line":32,"column":46},"end":{"line":40,"column":1}}},"2":{"name":"GET","decl":{"start":{"line":42,"column":22},"end":{"line":42,"column":25}},"loc":{"start":{"line":42,"column":42},"end":{"line":73,"column":1}}},"3":{"name":"(anonymous_3)","decl":{"start":{"line":58,"column":40},"end":{"line":58,"column":42}},"loc":{"start":{"line":58,"column":47},"end":{"line":66,"column":8}}},"4":{"name":"(anonymous_4)","decl":{"start":{"line":62,"column":34},"end":{"line":62,"column":35}},"loc":{"start":{"line":62,"column":40},"end":{"line":65,"column":12}}},"5":{"name":"POST","decl":{"start":{"line":75,"column":22},"end":{"line":75,"column":26}},"loc":{"start":{"line":75,"column":43},"end":{"line":197,"column":1}}},"6":{"name":"(anonymous_6)","decl":{"start":{"line":100,"column":51},"end":{"line":100,"column":56}},"loc":{"start":{"line":100,"column":64},"end":{"line":149,"column":11}}},"7":{"name":"(anonymous_7)","decl":{"start":{"line":111,"column":55},"end":{"line":111,"column":56}},"loc":{"start":{"line":112,"column":26},"end":{"line":119,"column":28}}},"8":{"name":"(anonymous_8)","decl":{"start":{"line":128,"column":58},"end":{"line":128,"column":59}},"loc":{"start":{"line":129,"column":27},"end":{"line":140,"column":29}}},"9":{"name":"(anonymous_9)","decl":{"start":{"line":156,"column":42},"end":{"line":156,"column":43}},"loc":{"start":{"line":156,"column":48},"end":{"line":156,"column":76}}},"10":{"name":"(anonymous_10)","decl":{"start":{"line":167,"column":46},"end":{"line":167,"column":47}},"loc":{"start":{"line":167,"column":78},"end":{"line":171,"column":24}}},"11":{"name":"(anonymous_11)","decl":{"start":{"line":174,"column":48},"end":{"line":174,"column":49}},"loc":{"start":{"line":174,"column":72},"end":{"line":182,"column":24}}},"12":{"name":"(anonymous_12)","decl":{"start":{"line":190,"column":43},"end":{"line":190,"column":44}},"loc":{"start":{"line":190,"column":49},"end":{"line":190,"column":77}}},"13":{"name":"PUT","decl":{"start":{"line":199,"column":22},"end":{"line":199,"column":25}},"loc":{"start":{"line":199,"column":42},"end":{"line":216,"column":1}}},"14":{"name":"DELETE","decl":{"start":{"line":218,"column":22},"end":{"line":218,"column":28}},"loc":{"start":{"line":218,"column":45},"end":{"line":235,"column":1}}}},"branchMap":{"0":{"loc":{"start":{"line":23,"column":4},"end":{"line":29,"column":5}},"type":"switch","locations":[{"start":{"line":24,"column":8},"end":{"line":24,"column":37}},{"start":{"line":25,"column":8},"end":{"line":25,"column":33}},{"start":{"line":26,"column":8},"end":{"line":26,"column":35}},{"start":{"line":27,"column":8},"end":{"line":27,"column":32}},{"start":{"line":28,"column":8},"end":{"line":28,"column":26}}]},"1":{"loc":{"start":{"line":33,"column":4},"end":{"line":33,"column":25}},"type":"if","locations":[{"start":{"line":33,"column":4},"end":{"line":33,"column":25}},{"start":{},"end":{}}]},"2":{"loc":{"start":{"line":36,"column":15},"end":{"line":36,"column":50}},"type":"cond-expr","locations":[{"start":{"line":36,"column":39},"end":{"line":36,"column":45}},{"start":{"line":36,"column":48},"end":{"line":36,"column":50}}]},"3":{"loc":{"start":{"line":47,"column":20},"end":{"line":47,"column":50}},"type":"cond-expr","locations":[{"start":{"line":47,"column":32},"end":{"line":47,"column":45}},{"start":{"line":47,"column":48},"end":{"line":47,"column":50}}]},"4":{"loc":{"start":{"line":87,"column":18},"end":{"line":87,"column":43}},"type":"binary-expr","locations":[{"start":{"line":87,"column":18},"end":{"line":87,"column":29}},{"start":{"line":87,"column":33},"end":{"line":87,"column":43}}]},"5":{"loc":{"start":{"line":88,"column":20},"end":{"line":88,"column":41}},"type":"binary-expr","locations":[{"start":{"line":88,"column":20},"end":{"line":88,"column":33}},{"start":{"line":88,"column":37},"end":{"line":88,"column":41}}]},"6":{"loc":{"start":{"line":89,"column":24},"end":{"line":89,"column":54}},"type":"binary-expr","locations":[{"start":{"line":89,"column":24},"end":{"line":89,"column":41}},{"start":{"line":89,"column":45},"end":{"line":89,"column":54}}]},"7":{"loc":{"start":{"line":93,"column":31},"end":{"line":93,"column":46}},"type":"binary-expr","locations":[{"start":{"line":93,"column":31},"end":{"line":93,"column":40}},{"start":{"line":93,"column":44},"end":{"line":93,"column":46}}]},"8":{"loc":{"start":{"line":98,"column":6},"end":{"line":192,"column":7}},"type":"if","locations":[{"start":{"line":98,"column":6},"end":{"line":192,"column":7}},{"start":{"line":158,"column":13},"end":{"line":192,"column":7}}]},"9":{"loc":{"start":{"line":108,"column":14},"end":{"line":122,"column":15}},"type":"if","locations":[{"start":{"line":108,"column":14},"end":{"line":122,"column":15}},{"start":{},"end":{}}]},"10":{"loc":{"start":{"line":110,"column":18},"end":{"line":121,"column":19}},"type":"if","locations":[{"start":{"line":110,"column":18},"end":{"line":121,"column":19}},{"start":{},"end":{}}]},"11":{"loc":{"start":{"line":125,"column":14},"end":{"line":143,"column":15}},"type":"if","locations":[{"start":{"line":125,"column":14},"end":{"line":143,"column":15}},{"start":{},"end":{}}]},"12":{"loc":{"start":{"line":127,"column":19},"end":{"line":142,"column":20}},"type":"if","locations":[{"start":{"line":127,"column":19},"end":{"line":142,"column":20}},{"start":{},"end":{}}]},"13":{"loc":{"start":{"line":132,"column":41},"end":{"line":132,"column":79}},"type":"cond-expr","locations":[{"start":{"line":132,"column":50},"end":{"line":132,"column":66}},{"start":{"line":132,"column":69},"end":{"line":132,"column":79}}]},"14":{"loc":{"start":{"line":137,"column":40},"end":{"line":137,"column":62}},"type":"binary-expr","locations":[{"start":{"line":137,"column":40},"end":{"line":137,"column":53}},{"start":{"line":137,"column":57},"end":{"line":137,"column":62}}]},"15":{"loc":{"start":{"line":151,"column":10},"end":{"line":151,"column":56}},"type":"if","locations":[{"start":{"line":151,"column":10},"end":{"line":151,"column":56}},{"start":{},"end":{}}]},"16":{"loc":{"start":{"line":159,"column":10},"end":{"line":161,"column":11}},"type":"if","locations":[{"start":{"line":159,"column":10},"end":{"line":161,"column":11}},{"start":{},"end":{}}]},"17":{"loc":{"start":{"line":159,"column":14},"end":{"line":159,"column":44}},"type":"binary-expr","locations":[{"start":{"line":159,"column":14},"end":{"line":159,"column":25}},{"start":{"line":159,"column":29},"end":{"line":159,"column":44}}]},"18":{"loc":{"start":{"line":167,"column":30},"end":{"line":171,"column":31}},"type":"binary-expr","locations":[{"start":{"line":167,"column":30},"end":{"line":171,"column":25}},{"start":{"line":171,"column":29},"end":{"line":171,"column":31}}]},"19":{"loc":{"start":{"line":174,"column":30},"end":{"line":182,"column":31}},"type":"binary-expr","locations":[{"start":{"line":174,"column":30},"end":{"line":182,"column":25}},{"start":{"line":182,"column":29},"end":{"line":182,"column":31}}]},"20":{"loc":{"start":{"line":175,"column":32},"end":{"line":175,"column":70}},"type":"cond-expr","locations":[{"start":{"line":175,"column":41},"end":{"line":175,"column":57}},{"start":{"line":175,"column":60},"end":{"line":175,"column":70}}]},"21":{"loc":{"start":{"line":180,"column":31},"end":{"line":180,"column":53}},"type":"binary-expr","locations":[{"start":{"line":180,"column":31},"end":{"line":180,"column":44}},{"start":{"line":180,"column":48},"end":{"line":180,"column":53}}]},"22":{"loc":{"start":{"line":224,"column":8},"end":{"line":229,"column":9}},"type":"if","locations":[{"start":{"line":224,"column":8},"end":{"line":229,"column":9}},{"start":{"line":226,"column":15},"end":{"line":229,"column":9}}]},"23":{"loc":{"start":{"line":226,"column":15},"end":{"line":229,"column":9}},"type":"if","locations":[{"start":{"line":226,"column":15},"end":{"line":229,"column":9}},{"start":{},"end":{}}]}},"s":{"0":2,"1":2,"2":2,"3":2,"4":2,"5":2,"6":2,"7":1,"8":1,"9":0,"10":0,"11":0,"12":0,"13":2,"14":5,"15":0,"16":5,"17":5,"18":5,"19":0,"20":1,"21":1,"22":1,"23":1,"24":1,"25":1,"26":1,"27":1,"28":1,"29":0,"30":0,"31":5,"32":5,"33":5,"34":5,"35":2,"36":2,"37":2,"38":1,"39":1,"40":1,"41":1,"42":2,"43":0,"44":0,"45":0,"46":0,"47":2,"48":2,"49":0,"50":2,"51":0,"52":3,"53":1,"54":2,"55":1,"56":0,"57":2,"58":0,"59":0,"60":0,"61":0,"62":0,"63":0,"64":0,"65":0,"66":0,"67":0,"68":2,"69":2,"70":2,"71":2,"72":2,"73":1,"74":1,"75":1,"76":1,"77":2,"78":0,"79":0},"f":{"0":1,"1":5,"2":1,"3":1,"4":1,"5":5,"6":2,"7":1,"8":0,"9":0,"10":1,"11":0,"12":0,"13":0,"14":2},"b":{"0":[1,0,0,0,0],"1":[0,5],"2":[5,0],"3":[0,1],"4":[5,5],"5":[5,5],"6":[5,4],"7":[5,5],"8":[2,3],"9":[1,1],"10":[1,0],"11":[0,2],"12":[0,0],"13":[0,0],"14":[0,0],"15":[0,2],"16":[1,2],"17":[3,3],"18":[2,1],"19":[2,2],"20":[0,0],"21":[0,0],"22":[1,1],"23":[1,0]}}
,"/Users/allen/Development/01-雅博项目/NexusQA/app/api/testcases/bulk/route.ts": {"path":"/Users/allen/Development/01-雅博项目/NexusQA/app/api/testcases/bulk/route.ts","statementMap":{"0":{"start":{"line":5,"column":0},"end":{"line":5,"column":7}},"1":{"start":{"line":1,"column":0},"end":{"line":1,"column":43}},"2":{"start":{"line":2,"column":0},"end":{"line":2,"column":38}},"3":{"start":{"line":6,"column":2},"end":{"line":63,"column":3}},"4":{"start":{"line":7,"column":17},"end":{"line":7,"column":37}},"5":{"start":{"line":8,"column":33},"end":{"line":8,"column":37}},"6":{"start":{"line":10,"column":4},"end":{"line":12,"column":5}},"7":{"start":{"line":11,"column":6},"end":{"line":11,"column":83}},"8":{"start":{"line":14,"column":4},"end":{"line":16,"column":5}},"9":{"start":{"line":15,"column":6},"end":{"line":15,"column":98}},"10":{"start":{"line":19,"column":20},"end":{"line":44,"column":null}},"11":{"start":{"line":21,"column":8},"end":{"line":43,"column":10}},"12":{"start":{"line":33,"column":60},"end":{"line":37,"column":16}},"13":{"start":{"line":48,"column":29},"end":{"line":52,"column":7}},"14":{"start":{"line":48,"column":49},"end":{"line":52,"column":6}},"15":{"start":{"line":54,"column":4},"end":{"line":58,"column":24}},"16":{"start":{"line":61,"column":4},"end":{"line":61,"column":55}},"17":{"start":{"line":62,"column":4},"end":{"line":62,"column":88}}},"fnMap":{"0":{"name":"POST","decl":{"start":{"line":5,"column":22},"end":{"line":5,"column":26}},"loc":{"start":{"line":5,"column":43},"end":{"line":64,"column":1}}},"1":{"name":"(anonymous_1)","decl":{"start":{"line":20,"column":16},"end":{"line":20,"column":17}},"loc":{"start":{"line":21,"column":8},"end":{"line":43,"column":10}}},"2":{"name":"(anonymous_2)","decl":{"start":{"line":33,"column":42},"end":{"line":33,"column":43}},"loc":{"start":{"line":33,"column":60},"end":{"line":37,"column":16}}},"3":{"name":"(anonymous_3)","decl":{"start":{"line":48,"column":41},"end":{"line":48,"column":44}},"loc":{"start":{"line":48,"column":49},"end":{"line":52,"column":6}}}},"branchMap":{"0":{"loc":{"start":{"line":10,"column":4},"end":{"line":12,"column":5}},"type":"if","locations":[{"start":{"line":10,"column":4},"end":{"line":12,"column":5}},{"start":{},"end":{}}]},"1":{"loc":{"start":{"line":10,"column":8},"end":{"line":10,"column":53}},"type":"binary-expr","locations":[{"start":{"line":10,"column":8},"end":{"line":10,"column":18}},{"start":{"line":10,"column":22},"end":{"line":10,"column":28}},{"start":{"line":10,"column":32},"end":{"line":10,"column":53}}]},"2":{"loc":{"start":{"line":14,"column":4},"end":{"line":16,"column":5}},"type":"if","locations":[{"start":{"line":14,"column":4},"end":{"line":16,"column":5}},{"start":{},"end":{}}]},"3":{"loc":{"start":{"line":28,"column":22},"end":{"line":28,"column":47}},"type":"binary-expr","locations":[{"start":{"line":28,"column":22},"end":{"line":28,"column":39}},{"start":{"line":28,"column":43},"end":{"line":28,"column":47}}]},"4":{"loc":{"start":{"line":31,"column":33},"end":{"line":31,"column":52}},"type":"binary-expr","locations":[{"start":{"line":31,"column":33},"end":{"line":31,"column":46}},{"start":{"line":31,"column":50},"end":{"line":31,"column":52}}]},"5":{"loc":{"start":{"line":33,"column":22},"end":{"line":37,"column":23}},"type":"binary-expr","locations":[{"start":{"line":33,"column":22},"end":{"line":37,"column":17}},{"start":{"line":37,"column":21},"end":{"line":37,"column":23}}]},"6":{"loc":{"start":{"line":50,"column":12},"end":{"line":50,"column":58}},"type":"cond-expr","locations":[{"start":{"line":50,"column":23},"end":{"line":50,"column":53}},{"start":{"line":50,"column":56},"end":{"line":50,"column":58}}]}},"s":{"0":1,"1":1,"2":1,"3":3,"4":3,"5":3,"6":3,"7":1,"8":2,"9":0,"10":2,"11":2,"12":1,"13":1,"14":2,"15":1,"16":1,"17":1},"f":{"0":3,"1":2,"2":1,"3":2},"b":{"0":[1,2],"1":[3,2,2],"2":[0,2],"3":[2,1],"4":[2,1],"5":[2,1],"6":[1,1]}}
,"/Users/allen/Development/01-雅博项目/NexusQA/components/FolderTree.tsx": {"path":"/Users/allen/Development/01-雅博项目/NexusQA/components/FolderTree.tsx","statementMap":{"0":{"start":{"line":126,"column":0},"end":{"line":126,"column":16}},"1":{"start":{"line":1,"column":0},"end":{"line":1,"column":40}},"2":{"start":{"line":3,"column":0},"end":{"line":3,"column":108}},"3":{"start":{"line":4,"column":0},"end":{"line":4,"column":31}},"4":{"start":{"line":25,"column":19},"end":{"line":124,"column":1}},"5":{"start":{"line":34,"column":40},"end":{"line":34,"column":54}},"6":{"start":{"line":35,"column":38},"end":{"line":35,"column":53}},"7":{"start":{"line":36,"column":36},"end":{"line":36,"column":56}},"8":{"start":{"line":37,"column":42},"end":{"line":37,"column":57}},"9":{"start":{"line":39,"column":25},"end":{"line":45,"column":5}},"10":{"start":{"line":40,"column":8},"end":{"line":40,"column":27}},"11":{"start":{"line":41,"column":8},"end":{"line":44,"column":9}},"12":{"start":{"line":42,"column":12},"end":{"line":42,"column":41}},"13":{"start":{"line":43,"column":12},"end":{"line":43,"column":32}},"14":{"start":{"line":47,"column":4},"end":{"line":123,"column":6}},"15":{"start":{"line":55,"column":31},"end":{"line":55,"column":49}},"16":{"start":{"line":58,"column":38},"end":{"line":58,"column":58}},"17":{"start":{"line":58,"column":59},"end":{"line":58,"column":86}},"18":{"start":{"line":74,"column":43},"end":{"line":74,"column":70}},"19":{"start":{"line":75,"column":42},"end":{"line":75,"column":61}},"20":{"start":{"line":77,"column":42},"end":{"line":77,"column":61}},"21":{"start":{"line":88,"column":46},"end":{"line":88,"column":66}},"22":{"start":{"line":88,"column":67},"end":{"line":88,"column":96}},"23":{"start":{"line":96,"column":86},"end":{"line":96,"column":106}},"24":{"start":{"line":96,"column":107},"end":{"line":96,"column":129}},"25":{"start":{"line":99,"column":58},"end":{"line":99,"column":78}},"26":{"start":{"line":99,"column":79},"end":{"line":99,"column":98}},"27":{"start":{"line":99,"column":99},"end":{"line":99,"column":121}},"28":{"start":{"line":105,"column":58},"end":{"line":105,"column":78}},"29":{"start":{"line":105,"column":79},"end":{"line":105,"column":98}},"30":{"start":{"line":105,"column":99},"end":{"line":105,"column":121}},"31":{"start":{"line":127,"column":40},"end":{"line":127,"column":55}},"32":{"start":{"line":128,"column":46},"end":{"line":128,"column":58}},"33":{"start":{"line":134,"column":25},"end":{"line":141,"column":5}},"34":{"start":{"line":135,"column":8},"end":{"line":135,"column":27}},"35":{"start":{"line":136,"column":8},"end":{"line":140,"column":9}},"36":{"start":{"line":137,"column":12},"end":{"line":137,"column":42}},"37":{"start":{"line":138,"column":12},"end":{"line":138,"column":33}},"38":{"start":{"line":139,"column":12},"end":{"line":139,"column":33}},"39":{"start":{"line":143,"column":4},"end":{"line":207,"column":6}},"40":{"start":{"line":149,"column":39},"end":{"line":149,"column":58}},"41":{"start":{"line":159,"column":35},"end":{"line":159,"column":49}},"42":{"start":{"line":178,"column":47},"end":{"line":178,"column":79}},"43":{"start":{"line":179,"column":46},"end":{"line":179,"column":84}},"44":{"start":{"line":187,"column":20},"end":{"line":188,"column":null}},"45":{"start":{"line":200,"column":47},"end":{"line":200,"column":66}}},"fnMap":{"0":{"name":"(anonymous_9)","decl":{"start":{"line":25,"column":19},"end":{"line":25,"column":20}},"loc":{"start":{"line":33,"column":22},"end":{"line":124,"column":1}}},"1":{"name":"(anonymous_10)","decl":{"start":{"line":39,"column":25},"end":{"line":39,"column":26}},"loc":{"start":{"line":39,"column":48},"end":{"line":45,"column":5}}},"2":{"name":"(anonymous_11)","decl":{"start":{"line":55,"column":25},"end":{"line":55,"column":28}},"loc":{"start":{"line":55,"column":31},"end":{"line":55,"column":49}}},"3":{"name":"(anonymous_12)","decl":{"start":{"line":58,"column":29},"end":{"line":58,"column":30}},"loc":{"start":{"line":58,"column":35},"end":{"line":58,"column":88}}},"4":{"name":"(anonymous_13)","decl":{"start":{"line":74,"column":38},"end":{"line":74,"column":39}},"loc":{"start":{"line":74,"column":43},"end":{"line":74,"column":70}}},"5":{"name":"(anonymous_14)","decl":{"start":{"line":75,"column":36},"end":{"line":75,"column":39}},"loc":{"start":{"line":75,"column":42},"end":{"line":75,"column":61}}},"6":{"name":"(anonymous_15)","decl":{"start":{"line":77,"column":37},"end":{"line":77,"column":38}},"loc":{"start":{"line":77,"column":42},"end":{"line":77,"column":61}}},"7":{"name":"(anonymous_16)","decl":{"start":{"line":88,"column":37},"end":{"line":88,"column":38}},"loc":{"start":{"line":88,"column":43},"end":{"line":88,"column":98}}},"8":{"name":"(anonymous_17)","decl":{"start":{"line":96,"column":77},"end":{"line":96,"column":78}},"loc":{"start":{"line":96,"column":83},"end":{"line":96,"column":131}}},"9":{"name":"(anonymous_18)","decl":{"start":{"line":99,"column":49},"end":{"line":99,"column":50}},"loc":{"start":{"line":99,"column":55},"end":{"line":99,"column":123}}},"10":{"name":"(anonymous_19)","decl":{"start":{"line":105,"column":49},"end":{"line":105,"column":50}},"loc":{"start":{"line":105,"column":55},"end":{"line":105,"column":123}}},"11":{"name":"FolderTree","decl":{"start":{"line":126,"column":16},"end":{"line":126,"column":26}},"loc":{"start":{"line":126,"column":111},"end":{"line":208,"column":1}}},"12":{"name":"(anonymous_21)","decl":{"start":{"line":134,"column":25},"end":{"line":134,"column":26}},"loc":{"start":{"line":134,"column":48},"end":{"line":141,"column":5}}},"13":{"name":"(anonymous_22)","decl":{"start":{"line":149,"column":33},"end":{"line":149,"column":36}},"loc":{"start":{"line":149,"column":39},"end":{"line":149,"column":58}}},"14":{"name":"(anonymous_23)","decl":{"start":{"line":159,"column":29},"end":{"line":159,"column":32}},"loc":{"start":{"line":159,"column":35},"end":{"line":159,"column":49}}},"15":{"name":"(anonymous_24)","decl":{"start":{"line":178,"column":42},"end":{"line":178,"column":43}},"loc":{"start":{"line":178,"column":47},"end":{"line":178,"column":79}}},"16":{"name":"(anonymous_25)","decl":{"start":{"line":179,"column":40},"end":{"line":179,"column":43}},"loc":{"start":{"line":179,"column":46},"end":{"line":179,"column":84}}},"17":{"name":"(anonymous_26)","decl":{"start":{"line":186,"column":28},"end":{"line":186,"column":33}},"loc":{"start":{"line":187,"column":20},"end":{"line":188,"column":null}}},"18":{"name":"(anonymous_27)","decl":{"start":{"line":200,"column":41},"end":{"line":200,"column":44}},"loc":{"start":{"line":200,"column":47},"end":{"line":200,"column":66}}}},"branchMap":{"0":{"loc":{"start":{"line":27,"column":4},"end":{"line":27,"column":13}},"type":"default-arg","locations":[{"start":{"line":27,"column":12},"end":{"line":27,"column":13}}]},"1":{"loc":{"start":{"line":41,"column":8},"end":{"line":44,"column":9}},"type":"if","locations":[{"start":{"line":41,"column":8},"end":{"line":44,"column":9}},{"start":{},"end":{}}]},"2":{"loc":{"start":{"line":52,"column":22},"end":{"line":52,"column":127}},"type":"cond-expr","locations":[{"start":{"line":52,"column":35},"end":{"line":52,"column":72}},{"start":{"line":52,"column":75},"end":{"line":52,"column":127}}]},"3":{"loc":{"start":{"line":61,"column":21},"end":{"line":63,"column":55}},"type":"cond-expr","locations":[{"start":{"line":62,"column":24},"end":{"line":62,"column":119}},{"start":{"line":63,"column":24},"end":{"line":63,"column":55}}]},"4":{"loc":{"start":{"line":61,"column":21},"end":{"line":61,"column":67}},"type":"binary-expr","locations":[{"start":{"line":61,"column":21},"end":{"line":61,"column":29}},{"start":{"line":61,"column":33},"end":{"line":61,"column":67}}]},"5":{"loc":{"start":{"line":62,"column":24},"end":{"line":62,"column":119}},"type":"cond-expr","locations":[{"start":{"line":62,"column":37},"end":{"line":62,"column":76}},{"start":{"line":62,"column":79},"end":{"line":62,"column":119}}]},"6":{"loc":{"start":{"line":66,"column":46},"end":{"line":66,"column":110}},"type":"cond-expr","locations":[{"start":{"line":66,"column":59},"end":{"line":66,"column":92}},{"start":{"line":66,"column":95},"end":{"line":66,"column":110}}]},"7":{"loc":{"start":{"line":68,"column":17},"end":{"line":81,"column":null}},"type":"cond-expr","locations":[{"start":{"line":69,"column":20},"end":{"line":78,"column":null}},{"start":{"line":81,"column":20},"end":{"line":81,"column":73}}]},"8":{"loc":{"start":{"line":85,"column":17},"end":{"line":113,"column":null}},"type":"binary-expr","locations":[{"start":{"line":85,"column":17},"end":{"line":85,"column":27}},{"start":{"line":86,"column":20},"end":{"line":112,"column":null}}]},"9":{"loc":{"start":{"line":89,"column":108},"end":{"line":89,"column":173}},"type":"cond-expr","locations":[{"start":{"line":89,"column":122},"end":{"line":89,"column":135}},{"start":{"line":89,"column":138},"end":{"line":89,"column":173}}]},"10":{"loc":{"start":{"line":94,"column":26},"end":{"line":111,"column":null}},"type":"binary-expr","locations":[{"start":{"line":94,"column":26},"end":{"line":94,"column":37}},{"start":{"line":95,"column":29},"end":{"line":110,"column":null}}]},"11":{"loc":{"start":{"line":117,"column":13},"end":{"line":120,"column":null}},"type":"binary-expr","locations":[{"start":{"line":117,"column":13},"end":{"line":117,"column":23}},{"start":{"line":117,"column":27},"end":{"line":117,"column":35}},{"start":{"line":118,"column":16},"end":{"line":119,"column":null}}]},"12":{"loc":{"start":{"line":136,"column":8},"end":{"line":140,"column":9}},"type":"if","locations":[{"start":{"line":136,"column":8},"end":{"line":140,"column":9}},{"start":{},"end":{}}]},"13":{"loc":{"start":{"line":162,"column":26},"end":{"line":162,"column":157}},"type":"cond-expr","locations":[{"start":{"line":162,"column":53},"end":{"line":162,"column":118}},{"start":{"line":162,"column":121},"end":{"line":162,"column":157}}]},"14":{"loc":{"start":{"line":165,"column":50},"end":{"line":165,"column":110}},"type":"cond-expr","locations":[{"start":{"line":165,"column":77},"end":{"line":165,"column":92}},{"start":{"line":165,"column":95},"end":{"line":165,"column":110}}]},"15":{"loc":{"start":{"line":169,"column":17},"end":{"line":183,"column":null}},"type":"binary-expr","locations":[{"start":{"line":169,"column":17},"end":{"line":169,"column":27}},{"start":{"line":170,"column":20},"end":{"line":182,"column":null}}]},"16":{"loc":{"start":{"line":179,"column":46},"end":{"line":179,"column":84}},"type":"binary-expr","locations":[{"start":{"line":179,"column":46},"end":{"line":179,"column":60}},{"start":{"line":179,"column":64},"end":{"line":179,"column":84}}]},"17":{"loc":{"start":{"line":197,"column":17},"end":{"line":203,"column":null}},"type":"binary-expr","locations":[{"start":{"line":197,"column":17},"end":{"line":197,"column":36}},{"start":{"line":197,"column":40},"end":{"line":197,"column":51}},{"start":{"line":198,"column":20},"end":{"line":202,"column":null}}]}},"s":{"0":1,"1":1,"2":1,"3":1,"4":1,"5":33,"6":33,"7":33,"8":33,"9":33,"10":1,"11":1,"12":1,"13":1,"14":33,"15":1,"16":0,"17":0,"18":1,"19":0,"20":0,"21":2,"22":2,"23":0,"24":0,"25":1,"26":1,"27":1,"28":1,"29":1,"30":1,"31":9,"32":9,"33":9,"34":1,"35":1,"36":1,"37":1,"38":1,"39":9,"40":1,"41":1,"42":1,"43":0,"44":27,"45":0},"f":{"0":33,"1":1,"2":1,"3":0,"4":1,"5":0,"6":0,"7":2,"8":0,"9":1,"10":1,"11":9,"12":1,"13":1,"14":1,"15":1,"16":0,"17":27,"18":0},"b":{"0":[33],"1":[1,0],"2":[1,32],"3":[0,33],"4":[33,0],"5":[0,0],"6":[1,32],"7":[2,31],"8":[33,31],"9":[2,29],"10":[31,2],"11":[33,33,0],"12":[1,0],"13":[8,1],"14":[8,1],"15":[9,2],"16":[0,0],"17":[9,0,0]}}
,"/Users/allen/Development/01-雅博项目/NexusQA/components/ui.tsx": {"path":"/Users/allen/Development/01-雅博项目/NexusQA/components/ui.tsx","statementMap":{"0":{"start":{"line":92,"column":0},"end":{"line":92,"column":16}},"1":{"start":{"line":120,"column":0},"end":{"line":120,"column":16}},"2":{"start":{"line":301,"column":0},"end":{"line":301,"column":16}},"3":{"start":{"line":352,"column":0},"end":{"line":352,"column":16}},"4":{"start":{"line":369,"column":0},"end":{"line":369,"column":16}},"5":{"start":{"line":1,"column":0},"end":{"line":1,"column":51}},"6":{"start":{"line":3,"column":0},"end":{"line":3,"column":120}},"7":{"start":{"line":5,"column":27},"end":{"line":36,"column":1}},"8":{"start":{"line":6,"column":51},"end":{"line":13,"column":4}},"9":{"start":{"line":15,"column":89},"end":{"line":19,"column":4}},"10":{"start":{"line":21,"column":30},"end":{"line":21,"column":72}},"11":{"start":{"line":22,"column":30},"end":{"line":22,"column":78}},"12":{"start":{"line":24,"column":2},"end":{"line":35,"column":4}},"13":{"start":{"line":5,"column":13},"end":{"line":5,"column":27}},"14":{"start":{"line":38,"column":29},"end":{"line":46,"column":1}},"15":{"start":{"line":39,"column":17},"end":{"line":44,"column":4}},"16":{"start":{"line":45,"column":2},"end":{"line":45,"column":115}},"17":{"start":{"line":38,"column":13},"end":{"line":38,"column":29}},"18":{"start":{"line":48,"column":76},"end":{"line":56,"column":null}},"19":{"start":{"line":49,"column":4},"end":{"line":55,"column":null}},"20":{"start":{"line":48,"column":13},"end":{"line":48,"column":76}},"21":{"start":{"line":59,"column":27},"end":{"line":75,"column":null}},"22":{"start":{"line":70,"column":2},"end":{"line":74,"column":null}},"23":{"start":{"line":59,"column":13},"end":{"line":59,"column":27}},"24":{"start":{"line":78,"column":24},"end":{"line":82,"column":null}},"25":{"start":{"line":79,"column":2},"end":{"line":81,"column":null}},"26":{"start":{"line":78,"column":13},"end":{"line":78,"column":24}},"27":{"start":{"line":93,"column":4},"end":{"line":111,"column":null}},"28":{"start":{"line":121,"column":28},"end":{"line":121,"column":43}},"29":{"start":{"line":122,"column":16},"end":{"line":122,"column":61}},"30":{"start":{"line":122,"column":42},"end":{"line":122,"column":57}},"31":{"start":{"line":123,"column":17},"end":{"line":123,"column":41}},"32":{"start":{"line":124,"column":24},"end":{"line":124,"column":44}},"33":{"start":{"line":126,"column":2},"end":{"line":128,"column":9}},"34":{"start":{"line":127,"column":4},"end":{"line":127,"column":42}},"35":{"start":{"line":127,"column":21},"end":{"line":127,"column":35}},"36":{"start":{"line":130,"column":27},"end":{"line":130,"column":28}},"37":{"start":{"line":132,"column":2},"end":{"line":139,"column":3}},"38":{"start":{"line":133,"column":4},"end":{"line":138,"column":6}},"39":{"start":{"line":141,"column":2},"end":{"line":173,"column":4}},"40":{"start":{"line":145,"column":26},"end":{"line":145,"column":44}},"41":{"start":{"line":146,"column":33},"end":{"line":146,"column":78}},"42":{"start":{"line":147,"column":35},"end":{"line":147,"column":55}},"43":{"start":{"line":149,"column":10},"end":{"line":149,"column":40}},"44":{"start":{"line":151,"column":10},"end":{"line":165,"column":12}},"45":{"start":{"line":186,"column":55},"end":{"line":263,"column":9}},"46":{"start":{"line":187,"column":24},"end":{"line":187,"column":77}},"47":{"start":{"line":187,"column":47},"end":{"line":187,"column":69}},"48":{"start":{"line":188,"column":23},"end":{"line":188,"column":39}},"49":{"start":{"line":189,"column":21},"end":{"line":189,"column":74}},"50":{"start":{"line":191,"column":4},"end":{"line":262,"column":12}},"51":{"start":{"line":205,"column":51},"end":{"line":205,"column":71}},"52":{"start":{"line":205,"column":72},"end":{"line":205,"column":90}},"53":{"start":{"line":208,"column":51},"end":{"line":208,"column":71}},"54":{"start":{"line":208,"column":72},"end":{"line":208,"column":93}},"55":{"start":{"line":186,"column":13},"end":{"line":186,"column":55}},"56":{"start":{"line":265,"column":31},"end":{"line":292,"column":9}},"57":{"start":{"line":266,"column":28},"end":{"line":271,"column":12}},"58":{"start":{"line":273,"column":10},"end":{"line":291,"column":12}},"59":{"start":{"line":265,"column":21},"end":{"line":265,"column":31}},"60":{"start":{"line":302,"column":4},"end":{"line":343,"column":6}},"61":{"start":{"line":354,"column":4},"end":{"line":366,"column":6}},"62":{"start":{"line":370,"column":4},"end":{"line":384,"column":6}}},"fnMap":{"0":{"name":"(anonymous_9)","decl":{"start":{"line":5,"column":27},"end":{"line":5,"column":28}},"loc":{"start":{"line":5,"column":110},"end":{"line":36,"column":1}}},"1":{"name":"(anonymous_10)","decl":{"start":{"line":38,"column":29},"end":{"line":38,"column":30}},"loc":{"start":{"line":38,"column":70},"end":{"line":46,"column":1}}},"2":{"name":"(anonymous_11)","decl":{"start":{"line":48,"column":76},"end":{"line":48,"column":77}},"loc":{"start":{"line":49,"column":4},"end":{"line":55,"column":null}}},"3":{"name":"(anonymous_12)","decl":{"start":{"line":59,"column":27},"end":{"line":59,"column":28}},"loc":{"start":{"line":70,"column":2},"end":{"line":74,"column":null}}},"4":{"name":"(anonymous_13)","decl":{"start":{"line":78,"column":24},"end":{"line":78,"column":27}},"loc":{"start":{"line":79,"column":2},"end":{"line":81,"column":null}}},"5":{"name":"AnimatedEmptyState","decl":{"start":{"line":92,"column":16},"end":{"line":92,"column":34}},"loc":{"start":{"line":92,"column":102},"end":{"line":112,"column":1}}},"6":{"name":"DonutChart","decl":{"start":{"line":120,"column":16},"end":{"line":120,"column":26}},"loc":{"start":{"line":120,"column":82},"end":{"line":174,"column":1}}},"7":{"name":"(anonymous_16)","decl":{"start":{"line":122,"column":28},"end":{"line":122,"column":29}},"loc":{"start":{"line":122,"column":42},"end":{"line":122,"column":57}}},"8":{"name":"(anonymous_17)","decl":{"start":{"line":126,"column":12},"end":{"line":126,"column":15}},"loc":{"start":{"line":126,"column":17},"end":{"line":128,"column":3}}},"9":{"name":"(anonymous_18)","decl":{"start":{"line":127,"column":15},"end":{"line":127,"column":18}},"loc":{"start":{"line":127,"column":21},"end":{"line":127,"column":35}}},"10":{"name":"(anonymous_19)","decl":{"start":{"line":144,"column":18},"end":{"line":144,"column":19}},"loc":{"start":{"line":144,"column":34},"end":{"line":166,"column":9}}},"11":{"name":"(anonymous_20)","decl":{"start":{"line":186,"column":55},"end":{"line":186,"column":56}},"loc":{"start":{"line":186,"column":122},"end":{"line":263,"column":9}}},"12":{"name":"(anonymous_21)","decl":{"start":{"line":187,"column":41},"end":{"line":187,"column":43}},"loc":{"start":{"line":187,"column":47},"end":{"line":187,"column":69}}},"13":{"name":"(anonymous_22)","decl":{"start":{"line":205,"column":42},"end":{"line":205,"column":43}},"loc":{"start":{"line":205,"column":48},"end":{"line":205,"column":92}}},"14":{"name":"(anonymous_23)","decl":{"start":{"line":208,"column":42},"end":{"line":208,"column":43}},"loc":{"start":{"line":208,"column":48},"end":{"line":208,"column":95}}},"15":{"name":"(anonymous_24)","decl":{"start":{"line":265,"column":31},"end":{"line":265,"column":32}},"loc":{"start":{"line":265,"column":171},"end":{"line":292,"column":9}}},"16":{"name":"SidebarItem","decl":{"start":{"line":301,"column":16},"end":{"line":301,"column":27}},"loc":{"start":{"line":301,"column":89},"end":{"line":344,"column":1}}},"17":{"name":"StatCard","decl":{"start":{"line":352,"column":16},"end":{"line":352,"column":24}},"loc":{"start":{"line":352,"column":62},"end":{"line":367,"column":1}}},"18":{"name":"Modal","decl":{"start":{"line":369,"column":16},"end":{"line":369,"column":21}},"loc":{"start":{"line":369,"column":118},"end":{"line":385,"column":1}}}},"branchMap":{"0":{"loc":{"start":{"line":21,"column":30},"end":{"line":21,"column":72}},"type":"binary-expr","locations":[{"start":{"line":21,"column":30},"end":{"line":21,"column":50}},{"start":{"line":21,"column":54},"end":{"line":21,"column":72}}]},"1":{"loc":{"start":{"line":22,"column":30},"end":{"line":22,"column":78}},"type":"cond-expr","locations":[{"start":{"line":22,"column":45},"end":{"line":22,"column":71}},{"start":{"line":22,"column":74},"end":{"line":22,"column":78}}]},"2":{"loc":{"start":{"line":29,"column":7},"end":{"line":32,"column":null}},"type":"binary-expr","locations":[{"start":{"line":29,"column":7},"end":{"line":29,"column":19}},{"start":{"line":29,"column":23},"end":{"line":29,"column":42}},{"start":{"line":30,"column":8},"end":{"line":31,"column":null}}]},"3":{"loc":{"start":{"line":51,"column":7},"end":{"line":54,"column":null}},"type":"binary-expr","locations":[{"start":{"line":51,"column":7},"end":{"line":51,"column":15}},{"start":{"line":52,"column":8},"end":{"line":53,"column":null}}]},"4":{"loc":{"start":{"line":61,"column":2},"end":{"line":61,"column":16}},"type":"default-arg","locations":[{"start":{"line":61,"column":11},"end":{"line":61,"column":16}}]},"5":{"loc":{"start":{"line":62,"column":2},"end":{"line":62,"column":25}},"type":"default-arg","locations":[{"start":{"line":62,"column":10},"end":{"line":62,"column":25}}]},"6":{"loc":{"start":{"line":63,"column":2},"end":{"line":63,"column":16}},"type":"default-arg","locations":[{"start":{"line":63,"column":14},"end":{"line":63,"column":16}}]},"7":{"loc":{"start":{"line":105,"column":14},"end":{"line":108,"column":null}},"type":"binary-expr","locations":[{"start":{"line":105,"column":14},"end":{"line":105,"column":20}},{"start":{"line":106,"column":17},"end":{"line":107,"column":null}}]},"8":{"loc":{"start":{"line":120,"column":35},"end":{"line":120,"column":45}},"type":"default-arg","locations":[{"start":{"line":120,"column":42},"end":{"line":120,"column":45}}]},"9":{"loc":{"start":{"line":120,"column":47},"end":{"line":120,"column":63}},"type":"default-arg","locations":[{"start":{"line":120,"column":61},"end":{"line":120,"column":63}}]},"10":{"loc":{"start":{"line":132,"column":2},"end":{"line":139,"column":3}},"type":"if","locations":[{"start":{"line":132,"column":2},"end":{"line":139,"column":3}},{"start":{},"end":{}}]},"11":{"loc":{"start":{"line":160,"column":31},"end":{"line":160,"column":72}},"type":"cond-expr","locations":[{"start":{"line":160,"column":39},"end":{"line":160,"column":53}},{"start":{"line":160,"column":56},"end":{"line":160,"column":72}}]},"12":{"loc":{"start":{"line":189,"column":21},"end":{"line":189,"column":74}},"type":"cond-expr","locations":[{"start":{"line":189,"column":38},"end":{"line":189,"column":70}},{"start":{"line":189,"column":73},"end":{"line":189,"column":74}}]},"13":{"loc":{"start":{"line":203,"column":17},"end":{"line":211,"column":null}},"type":"binary-expr","locations":[{"start":{"line":203,"column":17},"end":{"line":203,"column":28}},{"start":{"line":204,"column":20},"end":{"line":210,"column":null}}]},"14":{"loc":{"start":{"line":205,"column":72},"end":{"line":205,"column":89}},"type":"cond-expr","locations":[{"start":{"line":205,"column":78},"end":{"line":205,"column":81}},{"start":{"line":205,"column":72},"end":{"line":205,"column":89}}]},"15":{"loc":{"start":{"line":205,"column":72},"end":{"line":205,"column":81}},"type":"binary-expr","locations":[{"start":{"line":205,"column":72},"end":{"line":205,"column":81}},{"start":{"line":205,"column":72},"end":{"line":205,"column":81}}]},"16":{"loc":{"start":{"line":220,"column":25},"end":{"line":223,"column":null}},"type":"cond-expr","locations":[{"start":{"line":221,"column":28},"end":{"line":221,"column":111}},{"start":{"line":223,"column":28},"end":{"line":223,"column":75}}]},"17":{"loc":{"start":{"line":235,"column":21},"end":{"line":235,"column":114}},"type":"binary-expr","locations":[{"start":{"line":235,"column":21},"end":{"line":235,"column":40}},{"start":{"line":235,"column":44},"end":{"line":235,"column":114}}]},"18":{"loc":{"start":{"line":253,"column":21},"end":{"line":257,"column":null}},"type":"binary-expr","locations":[{"start":{"line":253,"column":21},"end":{"line":253,"column":36}},{"start":{"line":254,"column":24},"end":{"line":256,"column":null}}]},"19":{"loc":{"start":{"line":265,"column":53},"end":{"line":265,"column":69}},"type":"default-arg","locations":[{"start":{"line":265,"column":64},"end":{"line":265,"column":69}}]},"20":{"loc":{"start":{"line":284,"column":22},"end":{"line":284,"column":89}},"type":"cond-expr","locations":[{"start":{"line":284,"column":43},"end":{"line":284,"column":84}},{"start":{"line":284,"column":87},"end":{"line":284,"column":89}}]},"21":{"loc":{"start":{"line":285,"column":22},"end":{"line":285,"column":89}},"type":"cond-expr","locations":[{"start":{"line":285,"column":46},"end":{"line":285,"column":84}},{"start":{"line":285,"column":87},"end":{"line":285,"column":89}}]},"22":{"loc":{"start":{"line":286,"column":22},"end":{"line":286,"column":88}},"type":"cond-expr","locations":[{"start":{"line":286,"column":44},"end":{"line":286,"column":83}},{"start":{"line":286,"column":86},"end":{"line":286,"column":88}}]},"23":{"loc":{"start":{"line":287,"column":22},"end":{"line":287,"column":88}},"type":"cond-expr","locations":[{"start":{"line":287,"column":45},"end":{"line":287,"column":83}},{"start":{"line":287,"column":86},"end":{"line":287,"column":88}}]},"24":{"loc":{"start":{"line":307,"column":18},"end":{"line":309,"column":null}},"type":"cond-expr","locations":[{"start":{"line":308,"column":22},"end":{"line":308,"column":88}},{"start":{"line":309,"column":22},"end":{"line":309,"column":null}}]},"25":{"loc":{"start":{"line":311,"column":18},"end":{"line":311,"column":51}},"type":"cond-expr","locations":[{"start":{"line":311,"column":30},"end":{"line":311,"column":46}},{"start":{"line":311,"column":49},"end":{"line":311,"column":51}}]},"26":{"loc":{"start":{"line":316,"column":13},"end":{"line":317,"column":null}},"type":"binary-expr","locations":[{"start":{"line":316,"column":13},"end":{"line":316,"column":19}},{"start":{"line":317,"column":16},"end":{"line":317,"column":113}}]},"27":{"loc":{"start":{"line":323,"column":18},"end":{"line":323,"column":120}},"type":"cond-expr","locations":[{"start":{"line":323,"column":27},"end":{"line":323,"column":54}},{"start":{"line":323,"column":57},"end":{"line":323,"column":120}}]},"28":{"loc":{"start":{"line":329,"column":13},"end":{"line":335,"column":null}},"type":"binary-expr","locations":[{"start":{"line":329,"column":13},"end":{"line":329,"column":23}},{"start":{"line":330,"column":16},"end":{"line":334,"column":null}}]},"29":{"loc":{"start":{"line":332,"column":22},"end":{"line":332,"column":76}},"type":"cond-expr","locations":[{"start":{"line":332,"column":31},"end":{"line":332,"column":46}},{"start":{"line":332,"column":49},"end":{"line":332,"column":76}}]},"30":{"loc":{"start":{"line":339,"column":13},"end":{"line":340,"column":null}},"type":"binary-expr","locations":[{"start":{"line":339,"column":13},"end":{"line":339,"column":19}},{"start":{"line":339,"column":23},"end":{"line":339,"column":33}},{"start":{"line":340,"column":16},"end":{"line":340,"column":179}}]}},"s":{"0":2,"1":2,"2":2,"3":2,"4":2,"5":2,"6":2,"7":2,"8":7,"9":7,"10":7,"11":7,"12":7,"13":2,"14":2,"15":0,"16":0,"17":2,"18":2,"19":19,"20":2,"21":2,"22":0,"23":2,"24":2,"25":0,"26":2,"27":0,"28":0,"29":0,"30":0,"31":0,"32":0,"33":0,"34":0,"35":0,"36":0,"37":0,"38":0,"39":0,"40":0,"41":0,"42":0,"43":0,"44":0,"45":2,"46":0,"47":0,"48":0,"49":0,"50":0,"51":0,"52":0,"53":0,"54":0,"55":2,"56":2,"57":0,"58":0,"59":2,"60":0,"61":0,"62":0},"f":{"0":7,"1":0,"2":19,"3":0,"4":0,"5":0,"6":0,"7":0,"8":0,"9":0,"10":0,"11":0,"12":0,"13":0,"14":0,"15":0,"16":0,"17":0,"18":0},"b":{"0":[7,1],"1":[3,4],"2":[7,3,3],"3":[19,19],"4":[0],"5":[0],"6":[0],"7":[0,0],"8":[0],"9":[0],"10":[0,0],"11":[0,0],"12":[0,0],"13":[0,0],"14":[0,0],"15":[0,0],"16":[0,0],"17":[0,0],"18":[0,0],"19":[0],"20":[0,0],"21":[0,0],"22":[0,0],"23":[0,0],"24":[0,0],"25":[0,0],"26":[0,0],"27":[0,0],"28":[0,0],"29":[0,0],"30":[0,0,0]}}
,"/Users/allen/Development/01-雅博项目/NexusQA/components/TestCase/ExecutionPanel.tsx": {"path":"/Users/allen/Development/01-雅博项目/NexusQA/components/TestCase/ExecutionPanel.tsx","statementMap":{"0":{"start":{"line":17,"column":0},"end":{"line":17,"column":16}},"1":{"start":{"line":1,"column":0},"end":{"line":1,"column":26}},"2":{"start":{"line":3,"column":0},"end":{"line":3,"column":95}},"3":{"start":{"line":20,"column":2},"end":{"line":93,"column":4}},"4":{"start":{"line":35,"column":35},"end":{"line":35,"column":57}},"5":{"start":{"line":45,"column":35},"end":{"line":45,"column":62}},"6":{"start":{"line":53,"column":27},"end":{"line":53,"column":50}},"7":{"start":{"line":61,"column":31},"end":{"line":61,"column":55}},"8":{"start":{"line":68,"column":27},"end":{"line":68,"column":46}},"9":{"start":{"line":74,"column":27},"end":{"line":74,"column":46}},"10":{"start":{"line":80,"column":27},"end":{"line":80,"column":47}},"11":{"start":{"line":86,"column":27},"end":{"line":86,"column":47}}},"fnMap":{"0":{"name":"ExecutionPanel","decl":{"start":{"line":17,"column":16},"end":{"line":17,"column":30}},"loc":{"start":{"line":19,"column":22},"end":{"line":94,"column":1}}},"1":{"name":"(anonymous_2)","decl":{"start":{"line":35,"column":30},"end":{"line":35,"column":31}},"loc":{"start":{"line":35,"column":35},"end":{"line":35,"column":57}}},"2":{"name":"(anonymous_3)","decl":{"start":{"line":45,"column":30},"end":{"line":45,"column":31}},"loc":{"start":{"line":45,"column":35},"end":{"line":45,"column":62}}},"3":{"name":"(anonymous_4)","decl":{"start":{"line":53,"column":22},"end":{"line":53,"column":23}},"loc":{"start":{"line":53,"column":27},"end":{"line":53,"column":50}}},"4":{"name":"(anonymous_5)","decl":{"start":{"line":61,"column":26},"end":{"line":61,"column":27}},"loc":{"start":{"line":61,"column":31},"end":{"line":61,"column":55}}},"5":{"name":"(anonymous_6)","decl":{"start":{"line":68,"column":21},"end":{"line":68,"column":24}},"loc":{"start":{"line":68,"column":27},"end":{"line":68,"column":46}}},"6":{"name":"(anonymous_7)","decl":{"start":{"line":74,"column":21},"end":{"line":74,"column":24}},"loc":{"start":{"line":74,"column":27},"end":{"line":74,"column":46}}},"7":{"name":"(anonymous_8)","decl":{"start":{"line":80,"column":21},"end":{"line":80,"column":24}},"loc":{"start":{"line":80,"column":27},"end":{"line":80,"column":47}}},"8":{"name":"(anonymous_9)","decl":{"start":{"line":86,"column":21},"end":{"line":86,"column":24}},"loc":{"start":{"line":86,"column":27},"end":{"line":86,"column":47}}}},"branchMap":{"0":{"loc":{"start":{"line":58,"column":195},"end":{"line":58,"column":281}},"type":"cond-expr","locations":[{"start":{"line":58,"column":204},"end":{"line":58,"column":239}},{"start":{"line":58,"column":242},"end":{"line":58,"column":281}}]}},"s":{"0":1,"1":1,"2":1,"3":7,"4":0,"5":0,"6":0,"7":0,"8":1,"9":1,"10":1,"11":1},"f":{"0":7,"1":0,"2":0,"3":0,"4":0,"5":1,"6":1,"7":1,"8":1},"b":{"0":[6,1]}}
,"/Users/allen/Development/01-雅博项目/NexusQA/components/TestCase/TestCaseForm.tsx": {"path":"/Users/allen/Development/01-雅博项目/NexusQA/components/TestCase/TestCaseForm.tsx","statementMap":{"0":{"start":{"line":16,"column":0},"end":{"line":16,"column":16}},"1":{"start":{"line":1,"column":0},"end":{"line":1,"column":26}},"2":{"start":{"line":3,"column":0},"end":{"line":3,"column":91}},"3":{"start":{"line":4,"column":0},"end":{"line":4,"column":33}},"4":{"start":{"line":5,"column":0},"end":{"line":5,"column":49}},"5":{"start":{"line":17,"column":34},"end":{"line":17,"column":52}},"6":{"start":{"line":19,"column":23},"end":{"line":26,"column":3}},"7":{"start":{"line":20,"column":6},"end":{"line":25,"column":7}},"8":{"start":{"line":21,"column":30},"end":{"line":21,"column":58}},"9":{"start":{"line":22,"column":26},"end":{"line":22,"column":59}},"10":{"start":{"line":23,"column":10},"end":{"line":23,"column":75}},"11":{"start":{"line":24,"column":10},"end":{"line":24,"column":26}},"12":{"start":{"line":28,"column":20},"end":{"line":31,"column":3}},"13":{"start":{"line":29,"column":26},"end":{"line":29,"column":54}},"14":{"start":{"line":30,"column":6},"end":{"line":30,"column":79}},"15":{"start":{"line":30,"column":65},"end":{"line":30,"column":74}},"16":{"start":{"line":33,"column":2},"end":{"line":203,"column":4}},"17":{"start":{"line":43,"column":27},"end":{"line":43,"column":76}},"18":{"start":{"line":52,"column":31},"end":{"line":52,"column":88}},"19":{"start":{"line":65,"column":35},"end":{"line":65,"column":101}},"20":{"start":{"line":69,"column":40},"end":{"line":69,"column":74}},"21":{"start":{"line":70,"column":24},"end":{"line":70,"column":43}},"22":{"start":{"line":78,"column":31},"end":{"line":78,"column":95}},"23":{"start":{"line":98,"column":29},"end":{"line":98,"column":101}},"24":{"start":{"line":119,"column":20},"end":{"line":119,"column":40}},"25":{"start":{"line":119,"column":68},"end":{"line":119,"column":82}},"26":{"start":{"line":127,"column":31},"end":{"line":127,"column":58}},"27":{"start":{"line":140,"column":31},"end":{"line":140,"column":59}},"28":{"start":{"line":152,"column":27},"end":{"line":152,"column":80}},"29":{"start":{"line":165,"column":31},"end":{"line":165,"column":68}},"30":{"start":{"line":177,"column":27},"end":{"line":177,"column":89}},"31":{"start":{"line":187,"column":31},"end":{"line":187,"column":63}},"32":{"start":{"line":199,"column":27},"end":{"line":199,"column":113}}},"fnMap":{"0":{"name":"TestCaseForm","decl":{"start":{"line":16,"column":16},"end":{"line":16,"column":28}},"loc":{"start":{"line":16,"column":122},"end":{"line":204,"column":1}}},"1":{"name":"(anonymous_2)","decl":{"start":{"line":19,"column":23},"end":{"line":19,"column":24}},"loc":{"start":{"line":19,"column":50},"end":{"line":26,"column":3}}},"2":{"name":"(anonymous_3)","decl":{"start":{"line":28,"column":20},"end":{"line":28,"column":21}},"loc":{"start":{"line":28,"column":34},"end":{"line":31,"column":3}}},"3":{"name":"(anonymous_4)","decl":{"start":{"line":30,"column":58},"end":{"line":30,"column":61}},"loc":{"start":{"line":30,"column":65},"end":{"line":30,"column":74}}},"4":{"name":"(anonymous_5)","decl":{"start":{"line":43,"column":22},"end":{"line":43,"column":23}},"loc":{"start":{"line":43,"column":27},"end":{"line":43,"column":76}}},"5":{"name":"(anonymous_6)","decl":{"start":{"line":52,"column":26},"end":{"line":52,"column":27}},"loc":{"start":{"line":52,"column":31},"end":{"line":52,"column":88}}},"6":{"name":"(anonymous_7)","decl":{"start":{"line":65,"column":30},"end":{"line":65,"column":31}},"loc":{"start":{"line":65,"column":35},"end":{"line":65,"column":101}}},"7":{"name":"(anonymous_8)","decl":{"start":{"line":69,"column":35},"end":{"line":69,"column":36}},"loc":{"start":{"line":69,"column":40},"end":{"line":69,"column":74}}},"8":{"name":"(anonymous_9)","decl":{"start":{"line":69,"column":80},"end":{"line":69,"column":81}},"loc":{"start":{"line":70,"column":24},"end":{"line":70,"column":43}}},"9":{"name":"(anonymous_10)","decl":{"start":{"line":78,"column":26},"end":{"line":78,"column":27}},"loc":{"start":{"line":78,"column":31},"end":{"line":78,"column":95}}},"10":{"name":"(anonymous_11)","decl":{"start":{"line":98,"column":24},"end":{"line":98,"column":25}},"loc":{"start":{"line":98,"column":29},"end":{"line":98,"column":101}}},"11":{"name":"(anonymous_12)","decl":{"start":{"line":118,"column":50},"end":{"line":118,"column":53}},"loc":{"start":{"line":119,"column":20},"end":{"line":119,"column":40}}},"12":{"name":"(anonymous_13)","decl":{"start":{"line":119,"column":62},"end":{"line":119,"column":65}},"loc":{"start":{"line":119,"column":68},"end":{"line":119,"column":82}}},"13":{"name":"(anonymous_14)","decl":{"start":{"line":127,"column":26},"end":{"line":127,"column":27}},"loc":{"start":{"line":127,"column":31},"end":{"line":127,"column":58}}},"14":{"name":"(anonymous_15)","decl":{"start":{"line":140,"column":25},"end":{"line":140,"column":28}},"loc":{"start":{"line":140,"column":31},"end":{"line":140,"column":59}}},"15":{"name":"(anonymous_16)","decl":{"start":{"line":152,"column":22},"end":{"line":152,"column":23}},"loc":{"start":{"line":152,"column":27},"end":{"line":152,"column":80}}},"16":{"name":"(anonymous_17)","decl":{"start":{"line":165,"column":25},"end":{"line":165,"column":28}},"loc":{"start":{"line":165,"column":31},"end":{"line":165,"column":68}}},"17":{"name":"(anonymous_18)","decl":{"start":{"line":177,"column":22},"end":{"line":177,"column":23}},"loc":{"start":{"line":177,"column":27},"end":{"line":177,"column":89}}},"18":{"name":"(anonymous_19)","decl":{"start":{"line":187,"column":25},"end":{"line":187,"column":28}},"loc":{"start":{"line":187,"column":31},"end":{"line":187,"column":63}}},"19":{"name":"(anonymous_20)","decl":{"start":{"line":199,"column":22},"end":{"line":199,"column":23}},"loc":{"start":{"line":199,"column":27},"end":{"line":199,"column":113}}}},"branchMap":{"0":{"loc":{"start":{"line":20,"column":6},"end":{"line":25,"column":7}},"type":"if","locations":[{"start":{"line":20,"column":6},"end":{"line":25,"column":7}},{"start":{},"end":{}}]},"1":{"loc":{"start":{"line":20,"column":10},"end":{"line":20,"column":46}},"type":"binary-expr","locations":[{"start":{"line":20,"column":10},"end":{"line":20,"column":27}},{"start":{"line":20,"column":31},"end":{"line":20,"column":46}}]},"2":{"loc":{"start":{"line":42,"column":19},"end":{"line":42,"column":39}},"type":"binary-expr","locations":[{"start":{"line":42,"column":19},"end":{"line":42,"column":33}},{"start":{"line":42,"column":37},"end":{"line":42,"column":39}}]},"3":{"loc":{"start":{"line":51,"column":23},"end":{"line":51,"column":51}},"type":"binary-expr","locations":[{"start":{"line":51,"column":23},"end":{"line":51,"column":45}},{"start":{"line":51,"column":49},"end":{"line":51,"column":51}}]},"4":{"loc":{"start":{"line":64,"column":27},"end":{"line":64,"column":49}},"type":"binary-expr","locations":[{"start":{"line":64,"column":27},"end":{"line":64,"column":43}},{"start":{"line":64,"column":47},"end":{"line":64,"column":49}}]},"5":{"loc":{"start":{"line":65,"column":71},"end":{"line":65,"column":98}},"type":"binary-expr","locations":[{"start":{"line":65,"column":71},"end":{"line":65,"column":85}},{"start":{"line":65,"column":89},"end":{"line":65,"column":98}}]},"6":{"loc":{"start":{"line":77,"column":23},"end":{"line":77,"column":52}},"type":"binary-expr","locations":[{"start":{"line":77,"column":23},"end":{"line":77,"column":40}},{"start":{"line":77,"column":44},"end":{"line":77,"column":52}}]},"7":{"loc":{"start":{"line":94,"column":11},"end":{"line":108,"column":null}},"type":"cond-expr","locations":[{"start":{"line":95,"column":12},"end":{"line":103,"column":null}},{"start":{"line":106,"column":12},"end":{"line":107,"column":null}}]},"8":{"loc":{"start":{"line":94,"column":12},"end":{"line":94,"column":76}},"type":"binary-expr","locations":[{"start":{"line":94,"column":12},"end":{"line":94,"column":41}},{"start":{"line":94,"column":45},"end":{"line":94,"column":76}}]},"9":{"loc":{"start":{"line":94,"column":12},"end":{"line":94,"column":29}},"type":"cond-expr","locations":[{"start":{"line":94,"column":23},"end":{"line":94,"column":25}},{"start":{"line":94,"column":12},"end":{"line":94,"column":29}}]},"10":{"loc":{"start":{"line":94,"column":12},"end":{"line":94,"column":25}},"type":"binary-expr","locations":[{"start":{"line":94,"column":12},"end":{"line":94,"column":25}},{"start":{"line":94,"column":12},"end":{"line":94,"column":25}}]},"11":{"loc":{"start":{"line":94,"column":45},"end":{"line":94,"column":62}},"type":"cond-expr","locations":[{"start":{"line":94,"column":56},"end":{"line":94,"column":58}},{"start":{"line":94,"column":45},"end":{"line":94,"column":62}}]},"12":{"loc":{"start":{"line":94,"column":45},"end":{"line":94,"column":58}},"type":"binary-expr","locations":[{"start":{"line":94,"column":45},"end":{"line":94,"column":58}},{"start":{"line":94,"column":45},"end":{"line":94,"column":58}}]},"13":{"loc":{"start":{"line":97,"column":21},"end":{"line":97,"column":55}},"type":"binary-expr","locations":[{"start":{"line":97,"column":21},"end":{"line":97,"column":42}},{"start":{"line":97,"column":46},"end":{"line":97,"column":55}}]},"14":{"loc":{"start":{"line":107,"column":15},"end":{"line":107,"column":49}},"type":"binary-expr","locations":[{"start":{"line":107,"column":15},"end":{"line":107,"column":36}},{"start":{"line":107,"column":40},"end":{"line":107,"column":49}}]},"15":{"loc":{"start":{"line":141,"column":26},"end":{"line":141,"column":54}},"type":"binary-expr","locations":[{"start":{"line":141,"column":26},"end":{"line":141,"column":35}},{"start":{"line":141,"column":39},"end":{"line":141,"column":54}}]},"16":{"loc":{"start":{"line":151,"column":19},"end":{"line":151,"column":43}},"type":"binary-expr","locations":[{"start":{"line":151,"column":19},"end":{"line":151,"column":37}},{"start":{"line":151,"column":41},"end":{"line":151,"column":43}}]},"17":{"loc":{"start":{"line":166,"column":26},"end":{"line":166,"column":54}},"type":"binary-expr","locations":[{"start":{"line":166,"column":26},"end":{"line":166,"column":35}},{"start":{"line":166,"column":39},"end":{"line":166,"column":54}}]},"18":{"loc":{"start":{"line":176,"column":19},"end":{"line":176,"column":52}},"type":"binary-expr","locations":[{"start":{"line":176,"column":19},"end":{"line":176,"column":46}},{"start":{"line":176,"column":50},"end":{"line":176,"column":52}}]},"19":{"loc":{"start":{"line":188,"column":26},"end":{"line":188,"column":54}},"type":"binary-expr","locations":[{"start":{"line":188,"column":26},"end":{"line":188,"column":35}},{"start":{"line":188,"column":39},"end":{"line":188,"column":54}}]},"20":{"loc":{"start":{"line":198,"column":19},"end":{"line":198,"column":71}},"type":"binary-expr","locations":[{"start":{"line":198,"column":19},"end":{"line":198,"column":41}},{"start":{"line":198,"column":45},"end":{"line":198,"column":65}},{"start":{"line":198,"column":69},"end":{"line":198,"column":71}}]}},"s":{"0":1,"1":1,"2":1,"3":1,"4":1,"5":11,"6":11,"7":1,"8":1,"9":1,"10":1,"11":1,"12":11,"13":1,"14":1,"15":2,"16":11,"17":1,"18":0,"19":0,"20":22,"21":22,"22":1,"23":2,"24":19,"25":1,"26":1,"27":0,"28":0,"29":0,"30":1,"31":0,"32":0},"f":{"0":11,"1":1,"2":1,"3":2,"4":1,"5":0,"6":0,"7":22,"8":22,"9":1,"10":2,"11":19,"12":1,"13":1,"14":0,"15":0,"16":0,"17":1,"18":0,"19":0},"b":{"0":[1,0],"1":[1,1],"2":[11,0],"3":[11,11],"4":[11,11],"5":[0,0],"6":[11,0],"7":[2,9],"8":[11,10],"9":[0,11],"10":[11,11],"11":[0,10],"12":[10,10],"13":[2,0],"14":[9,0],"15":[11,11],"16":[11,0],"17":[11,11],"18":[11,0],"19":[11,11],"20":[11,0,0]}}
,"/Users/allen/Development/01-雅博项目/NexusQA/lib/formatters.ts": {"path":"/Users/allen/Development/01-雅博项目/NexusQA/lib/formatters.ts","statementMap":{"0":{"start":{"line":8,"column":39},"end":{"line":34,"column":1}},"1":{"start":{"line":12,"column":16},"end":{"line":12,"column":30}},"2":{"start":{"line":13,"column":17},"end":{"line":13,"column":39}},"3":{"start":{"line":14,"column":14},"end":{"line":14,"column":50}},"4":{"start":{"line":15,"column":24},"end":{"line":15,"column":56}},"5":{"start":{"line":16,"column":27},"end":{"line":18,"column":15}},"6":{"start":{"line":17,"column":26},"end":{"line":17,"column":76}},"7":{"start":{"line":19,"column":28},"end":{"line":19,"column":73}},"8":{"start":{"line":21,"column":2},"end":{"line":33,"column":2}},"9":{"start":{"line":8,"column":13},"end":{"line":8,"column":39}},"10":{"start":{"line":37,"column":29},"end":{"line":46,"column":1}},"11":{"start":{"line":38,"column":4},"end":{"line":38,"column":41}},"12":{"start":{"line":38,"column":29},"end":{"line":38,"column":41}},"13":{"start":{"line":39,"column":4},"end":{"line":44,"column":5}},"14":{"start":{"line":40,"column":8},"end":{"line":43,"column":30}},"15":{"start":{"line":41,"column":27},"end":{"line":41,"column":43}},"16":{"start":{"line":42,"column":12},"end":{"line":42,"column":53}},"17":{"start":{"line":42,"column":39},"end":{"line":42,"column":53}},"18":{"start":{"line":43,"column":18},"end":{"line":43,"column":28}},"19":{"start":{"line":45,"column":4},"end":{"line":45,"column":14}},"20":{"start":{"line":37,"column":13},"end":{"line":37,"column":29}}},"fnMap":{"0":{"name":"(anonymous_0)","decl":{"start":{"line":8,"column":39},"end":{"line":8,"column":null}},"loc":{"start":{"line":11,"column":12},"end":{"line":34,"column":1}}},"1":{"name":"(anonymous_1)","decl":{"start":{"line":17,"column":9},"end":{"line":17,"column":10}},"loc":{"start":{"line":17,"column":26},"end":{"line":17,"column":76}}},"2":{"name":"(anonymous_2)","decl":{"start":{"line":37,"column":29},"end":{"line":37,"column":30}},"loc":{"start":{"line":37,"column":53},"end":{"line":46,"column":1}}}},"branchMap":{"0":{"loc":{"start":{"line":14,"column":14},"end":{"line":14,"column":50}},"type":"binary-expr","locations":[{"start":{"line":14,"column":14},"end":{"line":14,"column":41}},{"start":{"line":14,"column":45},"end":{"line":14,"column":50}}]},"1":{"loc":{"start":{"line":15,"column":24},"end":{"line":15,"column":56}},"type":"binary-expr","locations":[{"start":{"line":15,"column":24},"end":{"line":15,"column":46}},{"start":{"line":15,"column":50},"end":{"line":15,"column":56}}]},"2":{"loc":{"start":{"line":19,"column":28},"end":{"line":19,"column":73}},"type":"binary-expr","locations":[{"start":{"line":19,"column":28},"end":{"line":19,"column":49}},{"start":{"line":19,"column":53},"end":{"line":19,"column":73}}]},"3":{"loc":{"start":{"line":38,"column":4},"end":{"line":38,"column":41}},"type":"if","locations":[{"start":{"line":38,"column":4},"end":{"line":38,"column":41}},{"start":{},"end":{}}]},"4":{"loc":{"start":{"line":39,"column":4},"end":{"line":44,"column":5}},"type":"if","locations":[{"start":{"line":39,"column":4},"end":{"line":44,"column":5}},{"start":{},"end":{}}]},"5":{"loc":{"start":{"line":42,"column":12},"end":{"line":42,"column":53}},"type":"if","locations":[{"start":{"line":42,"column":12},"end":{"line":42,"column":53}},{"start":{},"end":{}}]}},"s":{"0":2,"1":2,"2":2,"3":2,"4":2,"5":2,"6":3,"7":2,"8":2,"9":2,"10":2,"11":13,"12":13,"13":0,"14":0,"15":0,"16":0,"17":0,"18":0,"19":0,"20":2},"f":{"0":2,"1":3,"2":13},"b":{"0":[2,1],"1":[2,1],"2":[2,1],"3":[13,0],"4":[0,0],"5":[0,0]}}
[...]
umn":92}}]},"20":{"loc":{"start":{"line":96,"column":45},"end":{"line":96,"column":92}},"type":"binary-expr","locations":[{"start":{"line":96,"column":45},"end":{"line":96,"column":79}},{"start":{"line":96,"column":83},"end":{"line":96,"column":92}}]},"21":{"loc":{"start":{"line":97,"column":21},"end":{"line":97,"column":104}},"type":"cond-expr","locations":[{"start":{"line":97,"column":29},"end":{"line":97,"column":50}},{"start":{"line":97,"column":53},"end":{"line":97,"column":104}}]},"22":{"loc":{"start":{"line":97,"column":53},"end":{"line":97,"column":104}},"type":"binary-expr","locations":[{"start":{"line":97,"column":53},"end":{"line":97,"column":91}},{"start":{"line":97,"column":95},"end":{"line":97,"column":104}}]},"23":{"loc":{"start":{"line":98,"column":24},"end":{"line":98,"column":86}},"type":"cond-expr","locations":[{"start":{"line":98,"column":32},"end":{"line":98,"column":44}},{"start":{"line":98,"column":47},"end":{"line":98,"column":86}}]},"24":{"loc":{"start":{"line":105,"column":2},"end":{"line":105,"column":36}},"type":"if","locations":[{"start":{"line":105,"column":2},"end":{"line":105,"column":36}},{"start":{},"end":{}}]},"25":{"loc":{"start":{"line":110,"column":2},"end":{"line":110,"column":37}},"type":"if","locations":[{"start":{"line":110,"column":2},"end":{"line":110,"column":37}},{"start":{},"end":{}}]},"26":{"loc":{"start":{"line":114,"column":21},"end":{"line":114,"column":35}},"type":"binary-expr","locations":[{"start":{"line":114,"column":21},"end":{"line":114,"column":29}},{"start":{"line":114,"column":33},"end":{"line":114,"column":35}}]},"27":{"loc":{"start":{"line":114,"column":47},"end":{"line":114,"column":61}},"type":"binary-expr","locations":[{"start":{"line":114,"column":47},"end":{"line":114,"column":55}},{"start":{"line":114,"column":59},"end":{"line":114,"column":61}}]}},"s":{"0":1,"1":1,"2":5,"3":5,"4":5,"5":3,"6":3,"7":0,"8":3,"9":2,"10":2,"11":1,"12":1,"13":0,"14":1,"15":1,"16":2,"17":1,"18":1,"19":1,"20":1,"21":1,"22":0,"23":0,"24":5,"25":1,"26":5,"27":4,"28":1,"29":1,"30":1,"31":2,"32":0,"33":2,"34":1,"35":1,"36":1,"37":1,"38":2,"39":3,"40":3,"41":1,"42":3,"43":0,"44":3,"45":5,"46":5,"47":1,"48":3,"49":0,"50":3,"51":4,"52":8,"53":4,"54":4},"f":{"0":5,"1":5,"2":3,"3":2,"4":0,"5":1,"6":1,"7":2,"8":3,"9":3,"10":5,"11":5,"12":3,"13":4,"14":8,"15":4},"b":{"0":[0,3],"1":[2,1],"2":[1,1],"3":[1,0],"4":[1,0],"5":[4,1],"6":[5,2],"7":[0,2],"8":[2,2],"9":[1,1],"10":[2,1],"11":[1,0],"12":[2,1],"13":[1,0],"14":[2,1],"15":[1,1],"16":[3,0],"17":[2,1],"18":[2,1],"19":[2,1],"20":[1,1],"21":[2,1],"22":[1,1],"23":[2,1],"24":[0,3],"25":[0,3],"26":[4,0],"27":[4,0]}}
,"/Users/allen/Development/01-雅博项目/NexusQA/store/slices/testCaseSlice.ts": {"path":"/Users/allen/Development/01-雅博项目/NexusQA/store/slices/testCaseSlice.ts","statementMap":{"0":{"start":{"line":3,"column":0},"end":{"line":3,"column":46}},"1":{"start":{"line":24,"column":64},"end":{"line":193,"column":2}},"2":{"start":{"line":24,"column":74},"end":{"line":193,"column":2}},"3":{"start":{"line":29,"column":44},"end":{"line":29,"column":59}},"4":{"start":{"line":32,"column":18},"end":{"line":36,"column":8}},"5":{"start":{"line":38,"column":6},"end":{"line":47,"column":7}},"6":{"start":{"line":39,"column":28},"end":{"line":39,"column":44}},"7":{"start":{"line":40,"column":10},"end":{"line":46,"column":13}},"8":{"start":{"line":41,"column":14},"end":{"line":45,"column":15}},"9":{"start":{"line":42,"column":18},"end":{"line":42,"column":107}},"10":{"start":{"line":42,"column":64},"end":{"line":42,"column":103}},"11":{"start":{"line":44,"column":18},"end":{"line":44,"column":72}},"12":{"start":{"line":51,"column":6},"end":{"line":51,"column":67}},"13":{"start":{"line":52,"column":6},"end":{"line":52,"column":80}},"14":{"start":{"line":52,"column":20},"end":{"line":52,"column":77}},"15":{"start":{"line":52,"column":62},"end":{"line":52,"column":74}},"16":{"start":{"line":56,"column":6},"end":{"line":56,"column":79}},"17":{"start":{"line":57,"column":6},"end":{"line":57,"column":88}},"18":{"start":{"line":57,"column":20},"end":{"line":57,"column":85}},"19":{"start":{"line":57,"column":62},"end":{"line":57,"column":82}},"20":{"start":{"line":61,"column":22},"end":{"line":61,"column":32}},"21":{"start":{"line":62,"column":6},"end":{"line":65,"column":9}},"22":{"start":{"line":66,"column":6},"end":{"line":68,"column":10}},"23":{"start":{"line":66,"column":20},"end":{"line":68,"column":8}},"24":{"start":{"line":67,"column":47},"end":{"line":67,"column":91}},"25":{"start":{"line":72,"column":6},"end":{"line":75,"column":9}},"26":{"start":{"line":76,"column":6},"end":{"line":78,"column":10}},"27":{"start":{"line":76,"column":20},"end":{"line":78,"column":8}},"28":{"start":{"line":77,"column":47},"end":{"line":77,"column":120}},"29":{"start":{"line":82,"column":18},"end":{"line":85,"column":8}},"30":{"start":{"line":86,"column":6},"end":{"line":89,"column":7}},"31":{"start":{"line":87,"column":27},"end":{"line":87,"column":43}},"32":{"start":{"line":88,"column":10},"end":{"line":88,"column":66}},"33":{"start":{"line":88,"column":24},"end":{"line":88,"column":63}},"34":{"start":{"line":93,"column":6},"end":{"line":93,"column":88}},"35":{"start":{"line":94,"column":6},"end":{"line":96,"column":10}},"36":{"start":{"line":94,"column":20},"end":{"line":96,"column":8}},"37":{"start":{"line":95,"column":40},"end":{"line":95,"column":72}},"38":{"start":{"line":100,"column":6},"end":{"line":100,"column":64}},"39":{"start":{"line":101,"column":6},"end":{"line":101,"column":72}},"40":{"start":{"line":101,"column":20},"end":{"line":101,"column":69}},"41":{"start":{"line":101,"column":55},"end":{"line":101,"column":66}},"42":{"start":{"line":105,"column":39},"end":{"line":105,"column":41}},"43":{"start":{"line":106,"column":24},"end":{"line":106,"column":25}},"44":{"start":{"line":108,"column":6},"end":{"line":150,"column":7}},"45":{"start":{"line":109,"column":27},"end":{"line":113,"column":12}},"46":{"start":{"line":115,"column":10},"end":{"line":118,"column":11}},"47":{"start":{"line":116,"column":32},"end":{"line":116,"column":53}},"48":{"start":{"line":117,"column":14},"end":{"line":117,"column":77}},"49":{"start":{"line":120,"column":23},"end":{"line":120,"column":44}},"50":{"start":{"line":121,"column":24},"end":{"line":121,"column":40}},"51":{"start":{"line":123,"column":10},"end":{"line":139,"column":11}},"52":{"start":{"line":124,"column":14},"end":{"line":138,"column":15}},"53":{"start":{"line":125,"column":18},"end":{"line":137,"column":19}},"54":{"start":{"line":126,"column":41},"end":{"line":126,"column":64}},"55":{"start":{"line":127,"column":22},"end":{"line":134,"column":23}},"56":{"start":{"line":128,"column":52},"end":{"line":132,"column":28}},"57":{"start":{"line":133,"column":26},"end":{"line":133,"column":53}},"58":{"start":{"line":141,"column":10},"end":{"line":145,"column":11}},"59":{"start":{"line":142,"column":14},"end":{"line":142,"column":51}},"60":{"start":{"line":144,"column":14},"end":{"line":144,"column":79}},"61":{"start":{"line":148,"column":10},"end":{"line":148,"column":58}},"62":{"start":{"line":149,"column":10},"end":{"line":149,"column":117}},"63":{"start":{"line":154,"column":6},"end":{"line":182,"column":7}},"64":{"start":{"line":155,"column":27},"end":{"line":159,"column":12}},"65":{"start":{"line":161,"column":10},"end":{"line":164,"column":11}},"66":{"start":{"line":162,"column":32},"end":{"line":162,"column":53}},"67":{"start":{"line":163,"column":14},"end":{"line":163,"column":76}},"68":{"start":{"line":166,"column":25},"end":{"line":166,"column":51}},"69":{"start":{"line":167,"column":10},"end":{"line":167,"column":64}},"70":{"start":{"line":167,"column":23},"end":{"line":167,"column":64}},"71":{"start":{"line":169,"column":26},"end":{"line":169,"column":43}},"72":{"start":{"line":170,"column":32},"end":{"line":170,"column":34}},"73":{"start":{"line":172,"column":10},"end":{"line":178,"column":11}},"74":{"start":{"line":173,"column":38},"end":{"line":173,"column":57}},"75":{"start":{"line":174,"column":14},"end":{"line":174,"column":30}},"76":{"start":{"line":174,"column":24},"end":{"line":174,"column":30}},"77":{"start":{"line":175,"column":28},"end":{"line":175,"column":67}},"78":{"start":{"line":176,"column":14},"end":{"line":176,"column":39}},"79":{"start":{"line":177,"column":14},"end":{"line":177,"column":40}},"80":{"start":{"line":180,"column":10},"end":{"line":180,"column":57}},"81":{"start":{"line":181,"column":10},"end":{"line":181,"column":94}},"82":{"start":{"line":186,"column":21},"end":{"line":186,"column":61}},"83":{"start":{"line":187,"column":6},"end":{"line":190,"column":7}},"84":{"start":{"line":188,"column":10},"end":{"line":188,"column":34}},"85":{"start":{"line":189,"column":10},"end":{"line":189,"column":22}},"86":{"start":{"line":191,"column":6},"end":{"line":191,"column":33}},"87":{"start":{"line":24,"column":13},"end":{"line":24,"column":64}}},"fnMap":{"0":{"name":"(anonymous_0)","decl":{"start":{"line":24,"column":64},"end":{"line":24,"column":65}},"loc":{"start":{"line":24,"column":74},"end":{"line":193,"column":2}}},"1":{"name":"(anonymous_1)","decl":{"start":{"line":28,"column":16},"end":{"line":28,"column":21}},"loc":{"start":{"line":28,"column":35},"end":{"line":48,"column":3}}},"2":{"name":"(anonymous_2)","decl":{"start":{"line":40,"column":14},"end":{"line":40,"column":19}},"loc":{"start":{"line":40,"column":22},"end":{"line":46,"column":11}}},"3":{"name":"(anonymous_3)","decl":{"start":{"line":42,"column":58},"end":{"line":42,"column":60}},"loc":{"start":{"line":42,"column":64},"end":{"line":42,"column":103}}},"4":{"name":"(anonymous_4)","decl":{"start":{"line":50,"column":18},"end":{"line":50,"column":23}},"loc":{"start":{"line":50,"column":31},"end":{"line":53,"column":3}}},"5":{"name":"(anonymous_5)","decl":{"start":{"line":52,"column":10},"end":{"line":52,"column":15}},"loc":{"start":{"line":52,"column":20},"end":{"line":52,"column":77}}},"6":{"name":"(anonymous_6)","decl":{"start":{"line":52,"column":56},"end":{"line":52,"column":58}},"loc":{"start":{"line":52,"column":62},"end":{"line":52,"column":74}}},"7":{"name":"(anonymous_7)","decl":{"start":{"line":55,"column":23},"end":{"line":55,"column":28}},"loc":{"start":{"line":55,"column":37},"end":{"line":58,"column":3}}},"8":{"name":"(anonymous_8)","decl":{"start":{"line":57,"column":10},"end":{"line":57,"column":15}},"loc":{"start":{"line":57,"column":20},"end":{"line":57,"column":85}}},"9":{"name":"(anonymous_9)","decl":{"start":{"line":57,"column":56},"end":{"line":57,"column":58}},"loc":{"start":{"line":57,"column":62},"end":{"line":57,"column":82}}},"10":{"name":"(anonymous_10)","decl":{"start":{"line":60,"column":20},"end":{"line":60,"column":25}},"loc":{"start":{"line":60,"column":42},"end":{"line":69,"column":3}}},"11":{"name":"(anonymous_11)","decl":{"start":{"line":66,"column":10},"end":{"line":66,"column":15}},"loc":{"start":{"line":66,"column":20},"end":{"line":68,"column":8}}},"12":{"name":"(anonymous_12)","decl":{"start":{"line":67,"column":41},"end":{"line":67,"column":43}},"loc":{"start":{"line":67,"column":47},"end":{"line":67,"column":91}}},"13":{"name":"(anonymous_13)","decl":{"start":{"line":71,"column":21},"end":{"line":71,"column":26}},"loc":{"start":{"line":71,"column":50},"end":{"line":79,"column":3}}},"14":{"name":"(anonymous_14)","decl":{"start":{"line":76,"column":10},"end":{"line":76,"column":15}},"loc":{"start":{"line":76,"column":20},"end":{"line":78,"column":8}}},"15":{"name":"(anonymous_15)","decl":{"start":{"line":77,"column":41},"end":{"line":77,"column":43}},"loc":{"start":{"line":77,"column":47},"end":{"line":77,"column":120}}},"16":{"name":"(anonymous_16)","decl":{"start":{"line":81,"column":15},"end":{"line":81,"column":20}},"loc":{"start":{"line":81,"column":51},"end":{"line":90,"column":3}}},"17":{"name":"(anonymous_17)","decl":{"start":{"line":88,"column":14},"end":{"line":88,"column":19}},"loc":{"start":{"line":88,"column":24},"end":{"line":88,"column":63}}},"18":{"name":"(anonymous_18)","decl":{"start":{"line":92,"column":15},"end":{"line":92,"column":20}},"loc":{"start":{"line":92,"column":34},"end":{"line":97,"column":3}}},"19":{"name":"(anonymous_19)","decl":{"start":{"line":94,"column":10},"end":{"line":94,"column":15}},"loc":{"start":{"line":94,"column":20},"end":{"line":96,"column":8}}},"20":{"name":"(anonymous_20)","decl":{"start":{"line":95,"column":35},"end":{"line":95,"column":36}},"loc":{"start":{"line":95,"column":40},"end":{"line":95,"column":72}}},"21":{"name":"(anonymous_21)","decl":{"start":{"line":99,"column":15},"end":{"line":99,"column":20}},"loc":{"start":{"line":99,"column":28},"end":{"line":102,"column":3}}},"22":{"name":"(anonymous_22)","decl":{"start":{"line":101,"column":10},"end":{"line":101,"column":15}},"loc":{"start":{"line":101,"column":20},"end":{"line":101,"column":69}}},"23":{"name":"(anonymous_23)","decl":{"start":{"line":101,"column":50},"end":{"line":101,"column":51}},"loc":{"start":{"line":101,"column":55},"end":{"line":101,"column":66}}},"24":{"name":"(anonymous_24)","decl":{"start":{"line":104,"column":24},"end":{"line":104,"column":29}},"loc":{"start":{"line":104,"column":77},"end":{"line":151,"column":3}}},"25":{"name":"(anonymous_25)","decl":{"start":{"line":153,"column":24},"end":{"line":153,"column":29}},"loc":{"start":{"line":153,"column":81},"end":{"line":183,"column":3}}},"26":{"name":"(anonymous_26)","decl":{"start":{"line":185,"column":25},"end":{"line":185,"column":30}},"loc":{"start":{"line":185,"column":53},"end":{"line":192,"column":3}}}},"branchMap":{"0":{"loc":{"start":{"line":38,"column":6},"end":{"line":47,"column":7}},"type":"if","locations":[{"start":{"line":38,"column":6},"end":{"line":47,"column":7}},{"start":{},"end":{}}]},"1":{"loc":{"start":{"line":41,"column":14},"end":{"line":45,"column":15}},"type":"if","locations":[{"start":{"line":41,"column":14},"end":{"line":45,"column":15}},{"start":{"line":43,"column":21},"end":{"line":45,"column":15}}]},"2":{"loc":{"start":{"line":42,"column":64},"end":{"line":42,"column":103}},"type":"cond-expr","locations":[{"start":{"line":42,"column":89},"end":{"line":42,"column":98}},{"start":{"line":42,"column":101},"end":{"line":42,"column":103}}]},"3":{"loc":{"start":{"line":67,"column":47},"end":{"line":67,"column":91}},"type":"cond-expr","locations":[{"start":{"line":67,"column":69},"end":{"line":67,"column":86}},{"start":{"line":67,"column":89},"end":{"line":67,"column":91}}]},"4":{"loc":{"start":{"line":74,"column":58},"end":{"line":74,"column":84}},"type":"binary-expr","locations":[{"start":{"line":74,"column":58},"end":{"line":74,"column":71}},{"start":{"line":74,"column":75},"end":{"line":74,"column":84}}]},"5":{"loc":{"start":{"line":77,"column":47},"end":{"line":77,"column":120}},"type":"cond-expr","locations":[{"start":{"line":77,"column":69},"end":{"line":77,"column":115}},{"start":{"line":77,"column":118},"end":{"line":77,"column":120}}]},"6":{"loc":{"start":{"line":77,"column":87},"end":{"line":77,"column":113}},"type":"binary-expr","locations":[{"start":{"line":77,"column":87},"end":{"line":77,"column":100}},{"start":{"line":77,"column":104},"end":{"line":77,"column":113}}]},"7":{"loc":{"start":{"line":86,"column":6},"end":{"line":89,"column":7}},"type":"if","locations":[{"start":{"line":86,"column":6},"end":{"line":89,"column":7}},{"start":{},"end":{}}]},"8":{"loc":{"start":{"line":95,"column":40},"end":{"line":95,"column":72}},"type":"cond-expr","locations":[{"start":{"line":95,"column":54},"end":{"line":95,"column":68}},{"start":{"line":95,"column":71},"end":{"line":95,"column":72}}]},"9":{"loc":{"start":{"line":115,"column":10},"end":{"line":118,"column":11}},"type":"if","locations":[{"start":{"line":115,"column":10},"end":{"line":118,"column":11}},{"start":{},"end":{}}]},"10":{"loc":{"start":{"line":117,"column":30},"end":{"line":117,"column":75}},"type":"binary-expr","locations":[{"start":{"line":117,"column":30},"end":{"line":117,"column":45}},{"start":{"line":117,"column":49},"end":{"line":117,"column":75}}]},"11":{"loc":{"start":{"line":124,"column":14},"end":{"line":138,"column":15}},"type":"if","locations":[{"start":{"line":124,"column":14},"end":{"line":138,"column":15}},{"start":{},"end":{}}]},"12":{"loc":{"start":{"line":124,"column":18},"end":{"line":124,"column":74}},"type":"binary-expr","locations":[{"start":{"line":124,"column":18},"end":{"line":124,"column":45}},{"start":{"line":124,"column":49},"end":{"line":124,"column":74}}]},"13":{"loc":{"start":{"line":127,"column":22},"end":{"line":134,"column":23}},"type":"if","locations":[{"start":{"line":127,"column":22},"end":{"line":134,"column":23}},{"start":{},"end":{}}]},"14":{"loc":{"start":{"line":127,"column":26},"end":{"line":127,"column":66}},"type":"binary-expr","locations":[{"start":{"line":127,"column":26},"end":{"line":127,"column":43}},{"start":{"line":127,"column":47},"end":{"line":127,"column":66}}]},"15":{"loc":{"start":{"line":141,"column":10},"end":{"line":145,"column":11}},"type":"if","locations":[{"start":{"line":141,"column":10},"end":{"line":145,"column":11}},{"start":{"line":143,"column":17},"end":{"line":145,"column":11}}]},"16":{"loc":{"start":{"line":149,"column":20},"end":{"line":149,"column":115}},"type":"cond-expr","locations":[{"start":{"line":149,"column":45},"end":{"line":149,"column":58}},{"start":{"line":149,"column":61},"end":{"line":149,"column":115}}]},"17":{"loc":{"start":{"line":161,"column":10},"end":{"line":164,"column":11}},"type":"if","locations":[{"start":{"line":161,"column":10},"end":{"line":164,"column":11}},{"start":{},"end":{}}]},"18":{"loc":{"start":{"line":163,"column":30},"end":{"line":163,"column":74}},"type":"binary-expr","locations":[{"start":{"line":163,"column":30},"end":{"line":163,"column":45}},{"start":{"line":163,"column":49},"end":{"line":163,"column":74}}]},"19":{"loc":{"start":{"line":167,"column":10},"end":{"line":167,"column":64}},"type":"if","locations":[{"start":{"line":167,"column":10},"end":{"line":167,"column":64}},{"start":{},"end":{}}]},"20":{"loc":{"start":{"line":174,"column":14},"end":{"line":174,"column":30}},"type":"if","locations":[{"start":{"line":174,"column":14},"end":{"line":174,"column":30}},{"start":{},"end":{}}]},"21":{"loc":{"start":{"line":181,"column":20},"end":{"line":181,"column":92}},"type":"cond-expr","locations":[{"start":{"line":181,"column":45},"end":{"line":181,"column":58}},{"start":{"line":181,"column":61},"end":{"line":181,"column":92}}]},"22":{"loc":{"start":{"line":187,"column":6},"end":{"line":190,"column":7}},"type":"if","locations":[{"start":{"line":187,"column":6},"end":{"line":190,"column":7}},{"start":{},"end":{}}]},"23":{"loc":{"start":{"line":191,"column":13},"end":{"line":191,"column":32}},"type":"binary-expr","locations":[{"start":{"line":191,"column":13},"end":{"line":191,"column":24}},{"start":{"line":191,"column":28},"end":{"line":191,"column":32}}]}},"s":{"0":1,"1":1,"2":3,"3":1,"4":1,"5":1,"6":1,"7":1,"8":1,"9":0,"10":0,"11":1,"12":0,"13":0,"14":0,"15":0,"16":0,"17":0,"18":0,"19":0,"20":0,"21":0,"22":0,"23":0,"24":0,"25":0,"26":0,"27":0,"28":0,"29":0,"30":0,"31":0,"32":0,"33":0,"34":0,"35":0,"36":0,"37":0,"38":0,"39":0,"40":0,"41":0,"42":2,"43":2,"44":2,"45":2,"46":2,"47":1,"48":1,"49":1,"50":1,"51":1,"52":2,"53":2,"54":2,"55":2,"56":2,"57":2,"58":1,"59":1,"60":0,"61":1,"62":1,"63":0,"64":0,"65":0,"66":0,"67":0,"68":0,"69":0,"70":0,"71":0,"72":0,"73":0,"74":0,"75":0,"76":0,"77":0,"78":0,"79":0,"80":0,"81":0,"82":0,"83":0,"84":0,"85":0,"86":0,"87":1},"f":{"0":3,"1":1,"2":1,"3":0,"4":0,"5":0,"6":0,"7":0,"8":0,"9":0,"10":0,"11":0,"12":0,"13":0,"14":0,"15":0,"16":0,"17":0,"18":0,"19":0,"20":0,"21":0,"22":0,"23":0,"24":2,"25":0,"26":0},"b":{"0":[1,0],"1":[0,1],"2":[0,0],"3":[0,0],"4":[0,0],"5":[0,0],"6":[0,0],"7":[0,0],"8":[0,0],"9":[1,1],"10":[1,0],"11":[2,0],"12":[2,2],"13":[2,0],"14":[2,2],"15":[1,0],"16":[1,0],"17":[0,0],"18":[0,0],"19":[0,0],"20":[0,0],"21":[0,0],"22":[0,0],"23":[0,0]}}
}
