TN:
SF:app/api/ai/generate-field/route.ts
FN:6,POST
FN:50,(anonymous_1)
FNF:2
FNH:2
FNDA:8,POST
FNDA:4,(anonymous_1)
DA:1,2
DA:4,2
DA:6,2
DA:7,8
DA:8,1
DA:11,7
DA:12,7
DA:14,7
DA:15,2
DA:18,5
DA:20,5
DA:22,5
DA:24,2
DA:27,2
DA:29,1
DA:33,1
DA:35,1
DA:39,1
DA:41,1
DA:44,4
DA:49,4
DA:51,4
DA:52,4
DA:53,4
DA:54,4
DA:55,4
DA:56,4
DA:59,3
DA:61,1
DA:66,4
DA:75,0
DA:76,0
LF:32
LH:30
BRDA:4,0,0,2
BRDA:4,0,1,1
BRDA:7,1,0,1
BRDA:7,1,1,7
BRDA:14,2,0,2
BRDA:14,2,1,5
BRDA:14,3,0,7
BRDA:14,3,1,6
BRDA:22,4,0,2
BRDA:22,4,1,1
BRDA:22,4,2,1
BRDA:22,4,3,1
BRDA:30,5,0,1
BRDA:30,5,1,0
BRDA:36,6,0,1
BRDA:36,6,1,0
BRDA:55,7,0,4
BRDA:55,7,1,0
BRF:18
BRH:15
end_of_record
TN:
SF:app/api/ai/generate-steps/route.ts
FN:6,POST
FNF:1
FNH:1
FNDA:4,POST
DA:1,2
DA:4,2
DA:6,2
DA:7,4
DA:8,1
DA:10,3
DA:11,3
DA:13,3
DA:14,1
DA:17,2
DA:19,2
DA:37,2
DA:42,1
DA:44,1
DA:45,0
DA:49,1
DA:56,1
DA:57,1
LF:18
LH:17
BRDA:4,0,0,2
BRDA:4,0,1,1
BRDA:7,1,0,1
BRDA:7,1,1,3
BRDA:13,2,0,1
BRDA:13,2,1,2
BRDA:44,3,0,0
BRDA:44,3,1,1
BRF:8
BRH:7
end_of_record
TN:
SF:app/api/projects/import/route.ts
FN:36,(anonymous_0)
FN:46,(anonymous_1)
FN:54,POST
FN:68,(anonymous_3)
FN:79,(anonymous_4)
FN:88,(anonymous_5)
FNF:6
FNH:3
FNDA:0,(anonymous_0)
FNDA:0,(anonymous_1)
FNDA:2,POST
FNDA:1,(anonymous_3)
FNDA:1,(anonymous_4)
FNDA:0,(anonymous_5)
DA:1,1
DA:2,1
DA:36,1
DA:46,0
DA:54,1
DA:55,2
DA:56,2
DA:57,2
DA:60,2
DA:61,1
DA:68,1
DA:70,1
DA:79,1
DA:80,1
DA:81,1
DA:88,0
DA:96,1
DA:97,0
DA:103,1
DA:104,1
DA:108,1
DA:109,0
DA:110,0
DA:119,1
DA:122,1
DA:125,0
DA:126,0
LF:27
LH:20
BRDA:38,0,0,0
BRDA:38,0,1,0
BRDA:39,1,0,0
BRDA:39,1,1,0
BRDA:40,2,0,0
BRDA:40,2,1,0
BRDA:41,3,0,0
BRDA:41,3,1,0
BRDA:42,4,0,0
BRDA:42,4,1,0
BRDA:46,5,0,0
BRDA:46,5,1,0
BRDA:60,6,0,1
BRDA:60,6,1,1
BRDA:88,7,0,1
BRDA:88,7,1,1
BRDA:96,8,0,0
BRDA:96,8,1,1
BRDA:96,9,0,1
BRDA:96,9,1,0
BRDA:103,10,0,1
BRDA:103,10,1,0
BRDA:103,11,0,1
BRDA:103,11,1,1
BRDA:108,12,0,0
BRDA:108,12,1,1
BRDA:108,13,0,1
BRDA:108,13,1,0
BRF:28
BRH:11
end_of_record
TN:
SF:app/api/testcases/route.ts
FN:22,(anonymous_0)
FN:32,(anonymous_1)
FN:42,GET
FN:58,(anonymous_3)
FN:62,(anonymous_4)
FN:75,POST
FN:100,(anonymous_6)
FN:111,(anonymous_7)
FN:128,(anonymous_8)
FN:156,(anonymous_9)
FN:167,(anonymous_10)
FN:174,(anonymous_11)
FN:190,(anonymous_12)
FN:199,PUT
FN:218,DELETE
FNF:15
FNH:10
FNDA:1,(anonymous_0)
FNDA:5,(anonymous_1)
FNDA:1,GET
FNDA:1,(anonymous_3)
FNDA:1,(anonymous_4)
FNDA:5,POST
FNDA:2,(anonymous_6)
FNDA:1,(anonymous_7)
FNDA:0,(anonymous_8)
FNDA:0,(anonymous_9)
FNDA:1,(anonymous_10)
FNDA:0,(anonymous_11)
FNDA:0,(anonymous_12)
FNDA:0,PUT
FNDA:2,DELETE
DA:1,2
DA:2,2
DA:22,2
DA:23,1
DA:24,1
DA:25,0
DA:26,0
DA:27,0
DA:28,0
DA:32,2
DA:33,5
DA:34,5
DA:35,5
DA:36,5
DA:38,0
DA:42,2
DA:43,1
DA:44,1
DA:46,1
DA:47,1
DA:48,1
DA:58,1
DA:62,1
DA:68,1
DA:70,0
DA:71,0
DA:75,2
DA:76,5
DA:77,5
DA:80,5
DA:98,5
DA:100,2
DA:102,2
DA:108,2
DA:109,1
DA:110,1
DA:111,1
DA:112,1
DA:125,2
DA:126,0
DA:127,0
DA:128,0
DA:129,0
DA:145,2
DA:151,2
DA:153,2
DA:156,0
DA:159,3
DA:160,1
DA:163,2
DA:167,1
DA:174,0
DA:187,2
DA:190,0
DA:194,0
DA:195,0
DA:199,2
DA:201,0
DA:202,0
DA:203,0
DA:206,0
DA:211,0
DA:213,0
DA:214,0
DA:218,2
DA:219,2
DA:220,2
DA:221,2
DA:223,2
DA:224,2
DA:225,1
DA:226,1
DA:227,1
DA:228,1
DA:230,2
DA:232,0
DA:233,0
LF:77
LH:52
BRDA:23,0,0,1
BRDA:23,0,1,0
BRDA:23,0,2,0
BRDA:23,0,3,0
BRDA:23,0,4,0
BRDA:33,1,0,0
BRDA:33,1,1,5
BRDA:36,2,0,5
BRDA:36,2,1,0
BRDA:47,3,0,0
BRDA:47,3,1,1
BRDA:87,4,0,5
BRDA:87,4,1,5
BRDA:88,5,0,5
BRDA:88,5,1,5
BRDA:89,6,0,5
BRDA:89,6,1,4
BRDA:93,7,0,5
BRDA:93,7,1,5
BRDA:98,8,0,2
BRDA:98,8,1,3
BRDA:108,9,0,1
BRDA:108,9,1,1
BRDA:110,10,0,1
BRDA:110,10,1,0
BRDA:125,11,0,0
BRDA:125,11,1,2
BRDA:127,12,0,0
BRDA:127,12,1,0
BRDA:132,13,0,0
BRDA:132,13,1,0
BRDA:137,14,0,0
BRDA:137,14,1,0
BRDA:151,15,0,0
BRDA:151,15,1,2
BRDA:159,16,0,1
BRDA:159,16,1,2
BRDA:159,17,0,3
BRDA:159,17,1,3
BRDA:167,18,0,2
BRDA:167,18,1,1
BRDA:174,19,0,2
BRDA:174,19,1,2
BRDA:175,20,0,0
BRDA:175,20,1,0
BRDA:180,21,0,0
BRDA:180,21,1,0
BRDA:224,22,0,1
BRDA:224,22,1,1
BRDA:226,23,0,1
BRDA:226,23,1,0
BRF:51
BRH:30
end_of_record
TN:
SF:app/api/testcases/bulk/route.ts
FN:5,POST
FN:20,(anonymous_1)
FN:33,(anonymous_2)
FN:48,(anonymous_3)
FNF:4
FNH:4
FNDA:3,POST
FNDA:2,(anonymous_1)
FNDA:1,(anonymous_2)
FNDA:2,(anonymous_3)
DA:1,1
DA:2,1
DA:5,1
DA:6,3
DA:7,3
DA:8,3
DA:10,3
DA:11,1
DA:14,2
DA:15,0
DA:19,2
DA:21,2
DA:33,1
DA:48,2
DA:54,1
DA:61,1
DA:62,1
LF:17
LH:16
BRDA:10,0,0,1
BRDA:10,0,1,2
BRDA:10,1,0,3
BRDA:10,1,1,2
BRDA:10,1,2,2
BRDA:14,2,0,0
BRDA:14,2,1,2
BRDA:28,3,0,2
BRDA:28,3,1,1
BRDA:31,4,0,2
BRDA:31,4,1,1
BRDA:33,5,0,2
BRDA:33,5,1,1
BRDA:50,6,0,1
BRDA:50,6,1,1
BRF:15
BRH:14
end_of_record
TN:
SF:components/FolderTree.tsx
FN:25,(anonymous_9)
FN:39,(anonymous_10)
FN:55,(anonymous_11)
FN:58,(anonymous_12)
FN:74,(anonymous_13)
FN:75,(anonymous_14)
FN:77,(anonymous_15)
FN:88,(anonymous_16)
FN:96,(anonymous_17)
FN:99,(anonymous_18)
FN:105,(anonymous_19)
FN:126,FolderTree
FN:134,(anonymous_21)
FN:149,(anonymous_22)
FN:159,(anonymous_23)
FN:178,(anonymous_24)
FN:179,(anonymous_25)
FN:186,(anonymous_26)
FN:200,(anonymous_27)
FNF:19
FNH:13
FNDA:33,(anonymous_9)
FNDA:1,(anonymous_10)
FNDA:1,(anonymous_11)
FNDA:0,(anonymous_12)
FNDA:1,(anonymous_13)
FNDA:0,(anonymous_14)
FNDA:0,(anonymous_15)
FNDA:2,(anonymous_16)
FNDA:0,(anonymous_17)
FNDA:1,(anonymous_18)
FNDA:1,(anonymous_19)
FNDA:9,FolderTree
FNDA:1,(anonymous_21)
FNDA:1,(anonymous_22)
FNDA:1,(anonymous_23)
FNDA:1,(anonymous_24)
FNDA:0,(anonymous_25)
FNDA:27,(anonymous_26)
FNDA:0,(anonymous_27)
DA:1,1
DA:3,1
DA:4,1
DA:25,1
DA:34,33
DA:35,33
DA:36,33
DA:37,33
DA:39,33
DA:40,1
DA:41,1
DA:42,1
DA:43,1
DA:47,33
DA:55,1
DA:58,0
DA:74,1
DA:75,0
DA:77,0
DA:88,2
DA:96,0
DA:99,1
DA:105,1
DA:126,1
DA:127,9
DA:128,9
DA:134,9
DA:135,1
DA:136,1
DA:137,1
DA:138,1
DA:139,1
DA:143,9
DA:149,1
DA:159,1
DA:178,1
DA:179,0
DA:187,27
DA:200,0
LF:39
LH:33
BRDA:27,0,0,33
BRDA:41,1,0,1
BRDA:41,1,1,0
BRDA:52,2,0,1
BRDA:52,2,1,32
BRDA:61,3,0,0
BRDA:61,3,1,33
BRDA:61,4,0,33
BRDA:61,4,1,0
BRDA:62,5,0,0
BRDA:62,5,1,0
BRDA:66,6,0,1
BRDA:66,6,1,32
BRDA:68,7,0,2
BRDA:68,7,1,31
BRDA:85,8,0,33
BRDA:85,8,1,31
BRDA:89,9,0,2
BRDA:89,9,1,29
BRDA:94,10,0,31
BRDA:94,10,1,2
BRDA:117,11,0,33
BRDA:117,11,1,33
BRDA:117,11,2,0
BRDA:136,12,0,1
BRDA:136,12,1,0
BRDA:162,13,0,8
BRDA:162,13,1,1
BRDA:165,14,0,8
BRDA:165,14,1,1
BRDA:169,15,0,9
BRDA:169,15,1,2
BRDA:179,16,0,0
BRDA:179,16,1,0
BRDA:197,17,0,9
BRDA:197,17,1,0
BRDA:197,17,2,0
BRF:37
BRH:26
end_of_record
TN:
SF:components/ui.tsx
FN:5,(anonymous_9)
FN:38,(anonymous_10)
FN:48,(anonymous_11)
FN:59,(anonymous_12)
FN:78,(anonymous_13)
FN:92,AnimatedEmptyState
FN:120,DonutChart
FN:122,(anonymous_16)
FN:126,(anonymous_17)
FN:127,(anonymous_18)
FN:144,(anonymous_19)
FN:186,(anonymous_20)
FN:187,(anonymous_21)
FN:205,(anonymous_22)
FN:208,(anonymous_23)
FN:265,(anonymous_24)
FN:301,SidebarItem
FN:352,StatCard
FN:369,Modal
FNF:19
FNH:2
FNDA:7,(anonymous_9)
FNDA:0,(anonymous_10)
FNDA:19,(anonymous_11)
FNDA:0,(anonymous_12)
FNDA:0,(anonymous_13)
FNDA:0,AnimatedEmptyState
FNDA:0,DonutChart
FNDA:0,(anonymous_16)
FNDA:0,(anonymous_17)
FNDA:0,(anonymous_18)
FNDA:0,(anonymous_19)
FNDA:0,(anonymous_20)
FNDA:0,(anonymous_21)
FNDA:0,(anonymous_22)
FNDA:0,(anonymous_23)
FNDA:0,(anonymous_24)
FNDA:0,SidebarItem
FNDA:0,StatCard
FNDA:0,Modal
DA:1,2
DA:3,2
DA:5,2
DA:6,7
DA:15,7
DA:21,7
DA:22,7
DA:24,7
DA:38,2
DA:39,0
DA:45,0
DA:48,2
DA:49,19
DA:59,2
DA:70,0
DA:78,2
DA:79,0
DA:92,2
DA:93,0
DA:120,2
DA:121,0
DA:122,0
DA:123,0
DA:124,0
DA:126,0
DA:127,0
DA:130,0
DA:132,0
DA:133,0
DA:141,0
DA:145,0
DA:146,0
DA:147,0
DA:149,0
DA:151,0
DA:186,2
DA:187,0
DA:188,0
DA:189,0
DA:191,0
DA:205,0
DA:208,0
DA:265,2
DA:266,0
DA:273,0
DA:301,2
DA:302,0
DA:352,2
DA:354,0
DA:369,2
DA:370,0
LF:51
LH:20
BRDA:21,0,0,7
BRDA:21,0,1,1
BRDA:22,1,0,3
BRDA:22,1,1,4
BRDA:29,2,0,7
BRDA:29,2,1,3
BRDA:29,2,2,3
BRDA:51,3,0,19
BRDA:51,3,1,19
BRDA:61,4,0,0
BRDA:62,5,0,0
BRDA:63,6,0,0
BRDA:105,7,0,0
BRDA:105,7,1,0
BRDA:120,8,0,0
BRDA:120,9,0,0
BRDA:132,10,0,0
BRDA:132,10,1,0
BRDA:160,11,0,0
BRDA:160,11,1,0
BRDA:189,12,0,0
BRDA:189,12,1,0
BRDA:203,13,0,0
BRDA:203,13,1,0
BRDA:205,14,0,0
BRDA:205,14,1,0
BRDA:205,15,0,0
BRDA:205,15,1,0
BRDA:220,16,0,0
BRDA:220,16,1,0
BRDA:235,17,0,0
BRDA:235,17,1,0
BRDA:253,18,0,0
BRDA:253,18,1,0
BRDA:265,19,0,0
BRDA:284,20,0,0
BRDA:284,20,1,0
BRDA:285,21,0,0
BRDA:285,21,1,0
BRDA:286,22,0,0
BRDA:286,22,1,0
BRDA:287,23,0,0
BRDA:287,23,1,0
BRDA:307,24,0,0
BRDA:307,24,1,0
BRDA:311,25,0,0
BRDA:311,25,1,0
BRDA:316,26,0,0
BRDA:316,26,1,0
BRDA:323,27,0,0
BRDA:323,27,1,0
BRDA:329,28,0,0
BRDA:329,28,1,0
BRDA:332,29,0,0
BRDA:332,29,1,0
BRDA:339,30,0,0
BRDA:339,30,1,0
BRDA:339,30,2,0
BRF:58
BRH:9
end_of_record
TN:
SF:components/TestCase/ExecutionPanel.tsx
FN:17,ExecutionPanel
FN:35,(anonymous_2)
FN:45,(anonymous_3)
FN:53,(anonymous_4)
FN:61,(anonymous_5)
FN:68,(anonymous_6)
FN:74,(anonymous_7)
FN:80,(anonymous_8)
FN:86,(anonymous_9)
FNF:9
FNH:5
FNDA:7,ExecutionPanel
FNDA:0,(anonymous_2)
FNDA:0,(anonymous_3)
FNDA:0,(anonymous_4)
FNDA:0,(anonymous_5)
FNDA:1,(anonymous_6)
FNDA:1,(anonymous_7)
FNDA:1,(anonymous_8)
FNDA:1,(anonymous_9)
DA:1,1
DA:3,1
DA:17,1
DA:20,7
DA:35,0
DA:45,0
DA:53,0
DA:61,0
DA:68,1
DA:74,1
DA:80,1
DA:86,1
LF:12
LH:8
BRDA:58,0,0,6
BRDA:58,0,1,1
BRF:2
BRH:2
end_of_record
TN:
SF:components/TestCase/TestCaseForm.tsx
FN:16,TestCaseForm
FN:19,(anonymous_2)
FN:28,(anonymous_3)
FN:30,(anonymous_4)
FN:43,(anonymous_5)
FN:52,(anonymous_6)
FN:65,(anonymous_7)
FN:69,(anonymous_8)
FN:69,(anonymous_9)
FN:78,(anonymous_10)
FN:98,(anonymous_11)
FN:118,(anonymous_12)
FN:119,(anonymous_13)
FN:127,(anonymous_14)
FN:140,(anonymous_15)
FN:152,(anonymous_16)
FN:165,(anonymous_17)
FN:177,(anonymous_18)
FN:187,(anonymous_19)
FN:199,(anonymous_20)
FNF:20
FNH:13
FNDA:11,TestCaseForm
FNDA:1,(anonymous_2)
FNDA:1,(anonymous_3)
FNDA:2,(anonymous_4)
FNDA:1,(anonymous_5)
FNDA:0,(anonymous_6)
FNDA:0,(anonymous_7)
FNDA:22,(anonymous_8)
FNDA:22,(anonymous_9)
FNDA:1,(anonymous_10)
FNDA:2,(anonymous_11)
FNDA:19,(anonymous_12)
FNDA:1,(anonymous_13)
FNDA:1,(anonymous_14)
FNDA:0,(anonymous_15)
FNDA:0,(anonymous_16)
FNDA:0,(anonymous_17)
FNDA:1,(anonymous_18)
FNDA:0,(anonymous_19)
FNDA:0,(anonymous_20)
DA:1,1
DA:3,1
DA:4,1
DA:5,1
DA:16,1
DA:17,11
DA:19,11
DA:20,1
DA:21,1
DA:22,1
DA:23,1
DA:24,1
DA:28,11
DA:29,1
DA:30,2
DA:33,11
DA:43,1
DA:52,0
DA:65,0
DA:69,22
DA:70,22
DA:78,1
DA:98,2
DA:119,19
DA:127,1
DA:140,0
DA:152,0
DA:165,0
DA:177,1
DA:187,0
DA:199,0
LF:31
LH:24
BRDA:20,0,0,1
BRDA:20,0,1,0
BRDA:20,1,0,1
BRDA:20,1,1,1
BRDA:42,2,0,11
BRDA:42,2,1,0
BRDA:51,3,0,11
BRDA:51,3,1,11
BRDA:64,4,0,11
BRDA:64,4,1,11
BRDA:65,5,0,0
BRDA:65,5,1,0
BRDA:77,6,0,11
BRDA:77,6,1,0
BRDA:94,7,0,2
BRDA:94,7,1,9
BRDA:94,8,0,11
BRDA:94,8,1,10
BRDA:94,9,0,0
BRDA:94,9,1,11
BRDA:94,10,0,11
BRDA:94,10,1,11
BRDA:94,11,0,0
BRDA:94,11,1,10
BRDA:94,12,0,10
BRDA:94,12,1,10
BRDA:97,13,0,2
BRDA:97,13,1,0
BRDA:107,14,0,9
BRDA:107,14,1,0
BRDA:141,15,0,11
BRDA:141,15,1,11
BRDA:151,16,0,11
BRDA:151,16,1,0
BRDA:166,17,0,11
BRDA:166,17,1,11
BRDA:176,18,0,11
BRDA:176,18,1,0
BRDA:188,19,0,11
BRDA:188,19,1,11
BRDA:198,20,0,11
BRDA:198,20,1,0
BRDA:198,20,2,0
BRF:43
BRH:30
end_of_record
TN:
SF:lib/formatters.ts
FN:8,(anonymous_0)
FN:17,(anonymous_1)
FN:37,(anonymous_2)
FNF:3
FNH:3
FNDA:2,(anonymous_0)
FNDA:3,(anonymous_1)
FNDA:13,(anonymous_2)
DA:8,2
DA:12,2
DA:13,2
DA:14,2
DA:15,2
DA:16,2
DA:17,3
DA:19,2
DA:21,2
DA:37,2
DA:38,13
DA:39,0
DA:40,0
DA:41,0
DA:42,0
DA:43,0
DA:45,0
LF:17
LH:11
BRDA:14,0,0,2
BRDA:14,0,1,1
BRDA:15,1,0,2
BRDA:15,1,1,1
BRDA:19,2,0,2
BRDA:19,2,1,1
BRDA:38,3,0,13
BRDA:38,3,1,0
BRDA:39,4,0,0
BRDA:39,4,1,0
BRDA:42,5,0,0
BRDA:42,5,1,0
BRF:12
BRH:7
end_of_record
TN:
SF:lib/importParser.ts
FN:15,(anonymous_10)
FN:16,(anonymous_11)
FN:19,(anonymous_12)
FN:28,(anonymous_13)
FN:35,(anonymous_14)
FN:39,(anonymous_15)
FN:55,(anonymous_16)
FN:71,(anonymous_17)
FN:89,(anonymous_18)
FN:104,(anonymous_19)
FN:106,(anonymous_20)
FN:106,(anonymous_21)
FN:109,(anonymous_22)
FN:112,(anonymous_23)
FN:113,(anonymous_24)
FN:115,(anonymous_25)
FNF:16
FNH:15
FNDA:5,(anonymous_10)
FNDA:5,(anonymous_11)
FNDA:3,(anonymous_12)
FNDA:2,(anonymous_13)
FNDA:0,(anonymous_14)
FNDA:1,(anonymous_15)
FNDA:1,(anonymous_16)
FNDA:2,(anonymous_17)
FNDA:3,(anonymous_18)
FNDA:3,(anonymous_19)
FNDA:5,(anonymous_20)
FNDA:5,(anonymous_21)
FNDA:3,(anonymous_22)
FNDA:4,(anonymous_23)
FNDA:8,(anonymous_24)
FNDA:4,(anonymous_25)
DA:1,1
DA:15,1
DA:16,5
DA:17,5
DA:19,5
DA:20,3
DA:21,3
DA:22,0
DA:24,3
DA:25,2
DA:29,2
DA:30,1
DA:32,1
DA:35,0
DA:37,1
DA:38,1
DA:39,2
DA:40,1
DA:41,1
DA:42,1
DA:43,1
DA:45,1
DA:47,0
DA:50,0
DA:55,5
DA:56,1
DA:59,5
DA:60,4
DA:65,1
DA:71,1
DA:72,2
DA:78,2
DA:80,1
DA:81,1
DA:84,1
DA:85,1
DA:89,2
DA:90,3
DA:100,3
DA:104,1
DA:105,3
DA:106,5
DA:109,1
DA:110,3
DA:112,3
DA:113,8
DA:114,4
DA:115,4
LF:48
LH:44
BRDA:21,0,0,0
BRDA:21,0,1,3
BRDA:24,1,0,2
BRDA:24,1,1,1
BRDA:29,2,0,1
BRDA:29,2,1,1
BRDA:37,3,0,1
BRDA:37,3,1,0
BRDA:56,4,0,1
BRDA:56,4,1,0
BRDA:59,5,0,4
BRDA:59,5,1,1
BRDA:59,6,0,5
BRDA:59,6,1,2
BRDA:72,7,0,0
BRDA:72,7,1,2
BRDA:72,8,0,2
BRDA:72,8,1,2
BRDA:78,9,0,1
BRDA:78,9,1,1
BRDA:91,10,0,2
BRDA:91,10,1,1
BRDA:91,11,0,1
BRDA:91,11,1,0
BRDA:92,12,0,2
BRDA:92,12,1,1
BRDA:92,13,0,1
BRDA:92,13,1,0
BRDA:93,14,0,2
BRDA:93,14,1,1
BRDA:93,15,0,1
BRDA:93,15,1,1
BRDA:94,16,0,3
BRDA:94,16,1,0
BRDA:94,17,0,2
BRDA:94,17,1,1
BRDA:95,18,0,2
BRDA:95,18,1,1
BRDA:96,19,0,2
BRDA:96,19,1,1
BRDA:96,20,0,1
BRDA:96,20,1,1
BRDA:97,21,0,2
BRDA:97,21,1,1
BRDA:97,22,0,1
BRDA:97,22,1,1
BRDA:98,23,0,2
BRDA:98,23,1,1
BRDA:105,24,0,0
BRDA:105,24,1,3
BRDA:110,25,0,0
BRDA:110,25,1,3
BRDA:114,26,0,4
BRDA:114,26,1,0
BRDA:114,27,0,4
BRDA:114,27,1,0
BRF:56
BRH:45
end_of_record
TN:
SF:store/slices/testCaseSlice.ts
FN:24,(anonymous_0)
FN:28,(anonymous_1)
FN:40,(anonymous_2)
FN:42,(anonymous_3)
FN:50,(anonymous_4)
FN:52,(anonymous_5)
FN:52,(anonymous_6)
FN:55,(anonymous_7)
FN:57,(anonymous_8)
FN:57,(anonymous_9)
FN:60,(anonymous_10)
FN:66,(anonymous_11)
FN:67,(anonymous_12)
FN:71,(anonymous_13)
FN:76,(anonymous_14)
FN:77,(anonymous_15)
FN:81,(anonymous_16)
FN:88,(anonymous_17)
FN:92,(anonymous_18)
FN:94,(anonymous_19)
FN:95,(anonymous_20)
FN:99,(anonymous_21)
FN:101,(anonymous_22)
FN:101,(anonymous_23)
FN:104,(anonymous_24)
FN:153,(anonymous_25)
FN:185,(anonymous_26)
FNF:27
FNH:4
FNDA:3,(anonymous_0)
FNDA:1,(anonymous_1)
FNDA:1,(anonymous_2)
FNDA:0,(anonymous_3)
FNDA:0,(anonymous_4)
FNDA:0,(anonymous_5)
FNDA:0,(anonymous_6)
FNDA:0,(anonymous_7)
FNDA:0,(anonymous_8)
FNDA:0,(anonymous_9)
FNDA:0,(anonymous_10)
FNDA:0,(anonymous_11)
FNDA:0,(anonymous_12)
FNDA:0,(anonymous_13)
FNDA:0,(anonymous_14)
FNDA:0,(anonymous_15)
FNDA:0,(anonymous_16)
FNDA:0,(anonymous_17)
FNDA:0,(anonymous_18)
FNDA:0,(anonymous_19)
FNDA:0,(anonymous_20)
FNDA:0,(anonymous_21)
FNDA:0,(anonymous_22)
FNDA:0,(anonymous_23)
FNDA:2,(anonymous_24)
FNDA:0,(anonymous_25)
FNDA:0,(anonymous_26)
DA:3,1
DA:24,3
DA:29,1
DA:32,1
DA:38,1
DA:39,1
DA:40,1
DA:41,1
DA:42,0
DA:44,1
DA:51,0
DA:52,0
DA:56,0
DA:57,0
DA:61,0
DA:62,0
DA:66,0
DA:67,0
DA:72,0
DA:76,0
DA:77,0
DA:82,0
DA:86,0
DA:87,0
DA:88,0
DA:93,0
DA:94,0
DA:95,0
DA:100,0
DA:101,0
DA:105,2
DA:106,2
DA:108,2
DA:109,2
DA:115,2
DA:116,1
DA:117,1
DA:120,1
DA:121,1
DA:123,1
DA:124,2
DA:125,2
DA:126,2
DA:127,2
DA:128,2
DA:133,2
DA:141,1
DA:142,1
DA:144,0
DA:148,1
DA:149,1
DA:154,0
DA:155,0
DA:161,0
DA:162,0
DA:163,0
DA:166,0
DA:167,0
DA:169,0
DA:170,0
DA:172,0
DA:173,0
DA:174,0
DA:175,0
DA:176,0
DA:177,0
DA:180,0
DA:181,0
DA:186,0
DA:187,0
DA:188,0
DA:189,0
DA:191,0
LF:73
LH:29
BRDA:38,0,0,1
BRDA:38,0,1,0
BRDA:41,1,0,0
BRDA:41,1,1,1
BRDA:42,2,0,0
BRDA:42,2,1,0
BRDA:67,3,0,0
BRDA:67,3,1,0
BRDA:74,4,0,0
BRDA:74,4,1,0
BRDA:77,5,0,0
BRDA:77,5,1,0
BRDA:77,6,0,0
BRDA:77,6,1,0
BRDA:86,7,0,0
BRDA:86,7,1,0
BRDA:95,8,0,0
BRDA:95,8,1,0
BRDA:115,9,0,1
BRDA:115,9,1,1
BRDA:117,10,0,1
BRDA:117,10,1,0
BRDA:124,11,0,2
BRDA:124,11,1,0
BRDA:124,12,0,2
BRDA:124,12,1,2
BRDA:127,13,0,2
BRDA:127,13,1,0
BRDA:127,14,0,2
BRDA:127,14,1,2
BRDA:141,15,0,1
BRDA:141,15,1,0
BRDA:149,16,0,1
BRDA:149,16,1,0
BRDA:161,17,0,0
BRDA:161,17,1,0
BRDA:163,18,0,0
BRDA:163,18,1,0
BRDA:167,19,0,0
BRDA:167,19,1,0
BRDA:174,20,0,0
BRDA:174,20,1,0
BRDA:181,21,0,0
BRDA:181,21,1,0
BRDA:187,22,0,0
BRDA:187,22,1,0
BRDA:191,23,0,0
BRDA:191,23,1,0
BRF:48
BRH:13
end_of_record
